2018-08-02 16:00:38,339 [Worker-1] INFO  c.g.t.t.d.PublishedGradleVersions - Gradle version information cache is out-of-date. Trying to update.
2018-08-02 16:01:11,259 [Worker-2] INFO  o.e.m.c.i.e.AbstractTransferListenerAdapter - Downloaded https://sres.web.boeing.com/artifactory/Maven-Snapshots/org/codehaus/mojo/exec-maven-plugin/1.2.1/exec-maven-plugin-1.2.1.pom
2018-08-02 16:01:11,812 [Worker-2] INFO  o.e.m.c.i.l.LifecycleMappingFactory - Using org.eclipse.m2e.jdt.JarLifecycleMapping lifecycle mapping for MavenProject: com.amazonaws.samples:aws-java-sample:1.0 @ C:\MyGithub\Online_Repo\S3\AWS_S3\aws-java-sample\pom.xml.
2018-08-02 16:01:11,944 [Worker-2] INFO  o.e.m.c.i.e.AbstractTransferListenerAdapter - Downloaded https://sres.web.boeing.com/artifactory/Maven-Snapshots/com/amazonaws/aws-java-sdk/1.9.6/aws-java-sdk-1.9.6.pom
2018-08-02 16:01:12,765 [Worker-2] INFO  o.e.m.c.i.p.ProjectConfigurationManager - Imported and configured 1 project(s) in 2 sec
2018-08-02 16:32:10,586 [Worker-8] INFO  o.e.m.c.i.l.LifecycleMappingFactory - Using org.eclipse.m2e.jdt.JarLifecycleMapping lifecycle mapping for MavenProject: com.amazonaws.samples:aws-java-sample:1.0 @ C:\MyGithub\Online_Repo\S3\AWS_S3\aws-java-sample\pom.xml.
2018-08-02 16:32:12,104 [Worker-8] INFO  o.e.m.j.i.AbstractJavaProjectConfigurator - Adding source folder /aws-java-sample/src/main/java
2018-08-02 16:32:12,105 [Worker-8] INFO  o.e.m.j.i.AbstractJavaProjectConfigurator - Adding source folder /aws-java-sample/src/test/java
2018-08-02 16:32:12,977 [Worker-8] INFO  o.e.m.c.i.p.ProjectConfigurationManager - Imported and configured 1 project(s) in 7 sec
2018-08-02 16:32:14,857 [Worker-24] INFO  o.e.m.c.i.embedder.EclipseLogger - Using 'UTF-8' encoding to copy filtered resources.
2018-08-02 16:32:14,858 [Worker-24] INFO  o.e.m.c.i.embedder.EclipseLogger - skip non existing resourceDirectory C:\MyGithub\Online_Repo\S3\AWS_S3\aws-java-sample\${env.HOME}\.aws
2018-08-02 16:32:14,860 [Worker-24] INFO  o.e.m.c.i.embedder.EclipseLogger - Using 'UTF-8' encoding to copy filtered resources.
2018-08-02 16:32:14,861 [Worker-24] INFO  o.e.m.c.i.embedder.EclipseLogger - skip non existing resourceDirectory C:\MyGithub\Online_Repo\S3\AWS_S3\aws-java-sample\src\test\resources
2018-08-02 17:15:15,349 [Worker-21] INFO  o.e.m.c.i.embedder.EclipseLogger - Using 'UTF-8' encoding to copy filtered resources.
2018-08-02 17:15:15,350 [Worker-21] INFO  o.e.m.c.i.embedder.EclipseLogger - skip non existing resourceDirectory C:\MyGithub\Online_Repo\S3\AWS_S3\aws-java-sample\${env.HOME}\.aws
2018-08-02 17:15:15,352 [Worker-21] INFO  o.e.m.c.i.embedder.EclipseLogger - Using 'UTF-8' encoding to copy filtered resources.
2018-08-02 17:15:15,353 [Worker-21] INFO  o.e.m.c.i.embedder.EclipseLogger - skip non existing resourceDirectory C:\MyGithub\Online_Repo\S3\AWS_S3\aws-java-sample\src\test\resources
2018-08-02 17:16:31,185 [Worker-23] INFO  o.e.m.c.i.embedder.EclipseLogger - Using 'UTF-8' encoding to copy filtered resources.
2018-08-02 17:16:31,185 [Worker-23] INFO  o.e.m.c.i.embedder.EclipseLogger - skip non existing resourceDirectory C:\MyGithub\Online_Repo\S3\AWS_S3\aws-java-sample\${env.HOME}\.aws
2018-08-02 17:16:31,188 [Worker-23] INFO  o.e.m.c.i.embedder.EclipseLogger - Using 'UTF-8' encoding to copy filtered resources.
2018-08-02 17:16:31,188 [Worker-23] INFO  o.e.m.c.i.embedder.EclipseLogger - skip non existing resourceDirectory C:\MyGithub\Online_Repo\S3\AWS_S3\aws-java-sample\src\test\resources
2018-08-02 17:16:38,615 [Worker-23] INFO  o.e.m.c.i.embedder.EclipseLogger - Using 'UTF-8' encoding to copy filtered resources.
2018-08-02 17:16:38,616 [Worker-23] INFO  o.e.m.c.i.embedder.EclipseLogger - skip non existing resourceDirectory C:\MyGithub\Online_Repo\S3\AWS_S3\aws-java-sample\${env.HOME}\.aws
2018-08-02 17:16:38,619 [Worker-23] INFO  o.e.m.c.i.embedder.EclipseLogger - Using 'UTF-8' encoding to copy filtered resources.
2018-08-02 17:16:38,620 [Worker-23] INFO  o.e.m.c.i.embedder.EclipseLogger - skip non existing resourceDirectory C:\MyGithub\Online_Repo\S3\AWS_S3\aws-java-sample\src\test\resources
2018-08-02 17:19:46,813 [Worker-20] INFO  o.e.m.c.i.embedder.EclipseLogger - Using 'UTF-8' encoding to copy filtered resources.
2018-08-02 17:19:46,814 [Worker-20] INFO  o.e.m.c.i.embedder.EclipseLogger - skip non existing resourceDirectory C:\MyGithub\Online_Repo\S3\AWS_S3\aws-java-sample\${env.HOME}\.aws
2018-08-02 17:19:46,815 [Worker-20] INFO  o.e.m.c.i.embedder.EclipseLogger - Using 'UTF-8' encoding to copy filtered resources.
2018-08-02 17:19:46,816 [Worker-20] INFO  o.e.m.c.i.embedder.EclipseLogger - skip non existing resourceDirectory C:\MyGithub\Online_Repo\S3\AWS_S3\aws-java-sample\src\test\resources
2018-08-02 19:48:46,200 [Worker-33] INFO  o.e.m.c.i.embedder.EclipseLogger - Using 'UTF-8' encoding to copy filtered resources.
2018-08-02 19:48:46,201 [Worker-33] INFO  o.e.m.c.i.embedder.EclipseLogger - skip non existing resourceDirectory C:\MyGithub\Online_Repo\S3\AWS_S3\aws-java-sample\${env.HOME}\.aws
2018-08-02 19:48:46,203 [Worker-33] INFO  o.e.m.c.i.embedder.EclipseLogger - Using 'UTF-8' encoding to copy filtered resources.
2018-08-02 19:48:46,204 [Worker-33] INFO  o.e.m.c.i.embedder.EclipseLogger - skip non existing resourceDirectory C:\MyGithub\Online_Repo\S3\AWS_S3\aws-java-sample\src\test\resources
2018-08-02 19:57:05,423 [Worker-30] INFO  o.e.m.c.i.embedder.EclipseLogger - Using 'UTF-8' encoding to copy filtered resources.
2018-08-02 19:57:05,424 [Worker-30] INFO  o.e.m.c.i.embedder.EclipseLogger - skip non existing resourceDirectory C:\MyGithub\Online_Repo\S3\AWS_S3\aws-java-sample\${env.HOME}\.aws
2018-08-02 19:57:05,426 [Worker-30] INFO  o.e.m.c.i.embedder.EclipseLogger - Using 'UTF-8' encoding to copy filtered resources.
2018-08-02 19:57:05,427 [Worker-30] INFO  o.e.m.c.i.embedder.EclipseLogger - skip non existing resourceDirectory C:\MyGithub\Online_Repo\S3\AWS_S3\aws-java-sample\src\test\resources
2018-08-02 19:59:00,047 [Worker-34] INFO  o.e.m.c.i.embedder.EclipseLogger - Using 'UTF-8' encoding to copy filtered resources.
2018-08-02 19:59:00,048 [Worker-34] INFO  o.e.m.c.i.embedder.EclipseLogger - skip non existing resourceDirectory C:\MyGithub\Online_Repo\S3\AWS_S3\aws-java-sample\${env.HOME}\.aws
2018-08-02 19:59:00,054 [Worker-34] INFO  o.e.m.c.i.embedder.EclipseLogger - Using 'UTF-8' encoding to copy filtered resources.
2018-08-02 19:59:00,055 [Worker-34] INFO  o.e.m.c.i.embedder.EclipseLogger - skip non existing resourceDirectory C:\MyGithub\Online_Repo\S3\AWS_S3\aws-java-sample\src\test\resources
2018-08-02 20:10:22,469 [Worker-30] INFO  o.e.m.c.i.embedder.EclipseLogger - Using 'UTF-8' encoding to copy filtered resources.
2018-08-02 20:10:22,469 [Worker-30] INFO  o.e.m.c.i.embedder.EclipseLogger - skip non existing resourceDirectory C:\MyGithub\Online_Repo\S3\AWS_S3\aws-java-sample\${env.HOME}\.aws
2018-08-02 20:10:22,472 [Worker-30] INFO  o.e.m.c.i.embedder.EclipseLogger - Using 'UTF-8' encoding to copy filtered resources.
2018-08-02 20:10:22,473 [Worker-30] INFO  o.e.m.c.i.embedder.EclipseLogger - skip non existing resourceDirectory C:\MyGithub\Online_Repo\S3\AWS_S3\aws-java-sample\src\test\resources
