2018-08-02 20:04:33,289 [Worker-5] INFO  c.g.t.t.d.PublishedGradleVersions - Gradle version information cache is up-to-date. Trying to read.
2018-08-02 20:05:22,676 [Worker-12] INFO  o.e.m.c.i.l.LifecycleMappingFactory - Using org.eclipse.m2e.jdt.JarLifecycleMapping lifecycle mapping for MavenProject: com.shelly.poc.ecs:ecsconnection:0.0.1-SNAPSHOT @ C:\MyGithub\Online_Repo\S3\workspace\ecsconnection\pom.xml.
2018-08-02 20:05:29,719 [Worker-12] INFO  o.e.m.j.i.AbstractJavaProjectConfigurator - Adding source folder /ecsconnection/src/main/java
2018-08-02 20:05:29,720 [Worker-12] INFO  o.e.m.j.i.AbstractJavaProjectConfigurator - Adding resource folder /ecsconnection/src/main/resources
2018-08-02 20:05:29,741 [Worker-12] INFO  o.e.m.j.i.AbstractJavaProjectConfigurator - Adding resource folder /ecsconnection/src/main/resources
2018-08-02 20:05:29,758 [Worker-12] INFO  o.e.m.j.i.AbstractJavaProjectConfigurator - Adding source folder /ecsconnection/src/test/java
2018-08-02 20:05:30,432 [Worker-12] INFO  o.e.m.c.i.p.ProjectConfigurationManager - Imported and configured 1 project(s) in 19 sec
2018-08-02 20:05:32,383 [Worker-7] INFO  o.e.m.c.i.embedder.EclipseLogger - Using 'UTF-8' encoding to copy filtered resources.
2018-08-02 20:05:32,430 [Worker-7] INFO  o.e.m.c.i.embedder.EclipseLogger - Copying 1 resource
2018-08-02 20:05:32,454 [Worker-7] INFO  o.e.m.c.i.embedder.EclipseLogger - Copying 0 resource
2018-08-02 20:05:32,458 [Worker-7] INFO  o.e.m.c.i.embedder.EclipseLogger - Using 'UTF-8' encoding to copy filtered resources.
2018-08-02 20:05:32,458 [Worker-7] INFO  o.e.m.c.i.embedder.EclipseLogger - skip non existing resourceDirectory C:\MyGithub\Online_Repo\S3\workspace\ecsconnection\src\test\resources
2018-08-02 20:07:24,011 [Worker-9] INFO  o.e.m.c.i.embedder.EclipseLogger - Using 'UTF-8' encoding to copy filtered resources.
2018-08-02 20:07:24,021 [Worker-9] INFO  o.e.m.c.i.embedder.EclipseLogger - Copying 1 resource
2018-08-02 20:07:24,025 [Worker-9] INFO  o.e.m.c.i.embedder.EclipseLogger - Copying 0 resource
2018-08-02 20:07:24,036 [Worker-9] INFO  o.e.m.c.i.embedder.EclipseLogger - Using 'UTF-8' encoding to copy filtered resources.
2018-08-02 20:07:24,037 [Worker-9] INFO  o.e.m.c.i.embedder.EclipseLogger - skip non existing resourceDirectory C:\MyGithub\Online_Repo\S3\workspace\ecsconnection\src\test\resources
2018-08-02 20:07:48,443 [Worker-12] INFO  o.e.m.c.i.embedder.EclipseLogger - Using 'UTF-8' encoding to copy filtered resources.
2018-08-02 20:07:48,445 [Worker-12] INFO  o.e.m.c.i.embedder.EclipseLogger - Copying 1 resource
2018-08-02 20:07:48,449 [Worker-12] INFO  o.e.m.c.i.embedder.EclipseLogger - Copying 0 resource
2018-08-02 20:07:48,454 [Worker-12] INFO  o.e.m.c.i.embedder.EclipseLogger - Using 'UTF-8' encoding to copy filtered resources.
2018-08-02 20:07:48,455 [Worker-12] INFO  o.e.m.c.i.embedder.EclipseLogger - skip non existing resourceDirectory C:\MyGithub\Online_Repo\S3\workspace\ecsconnection\src\test\resources
2018-08-02 20:17:59,352 [Worker-15] INFO  o.e.m.c.i.embedder.EclipseLogger - Using 'UTF-8' encoding to copy filtered resources.
2018-08-02 20:17:59,355 [Worker-15] INFO  o.e.m.c.i.embedder.EclipseLogger - Copying 1 resource
2018-08-02 20:17:59,360 [Worker-15] INFO  o.e.m.c.i.embedder.EclipseLogger - Copying 0 resource
2018-08-02 20:17:59,365 [Worker-15] INFO  o.e.m.c.i.embedder.EclipseLogger - Using 'UTF-8' encoding to copy filtered resources.
2018-08-02 20:17:59,366 [Worker-15] INFO  o.e.m.c.i.embedder.EclipseLogger - skip non existing resourceDirectory C:\MyGithub\Online_Repo\S3\workspace\ecsconnection\src\test\resources
2018-08-02 20:19:06,705 [Worker-20] INFO  o.e.m.c.i.embedder.EclipseLogger - Using 'UTF-8' encoding to copy filtered resources.
2018-08-02 20:19:06,708 [Worker-20] INFO  o.e.m.c.i.embedder.EclipseLogger - Copying 1 resource
2018-08-02 20:19:06,715 [Worker-20] INFO  o.e.m.c.i.embedder.EclipseLogger - Copying 0 resource
2018-08-02 20:19:06,720 [Worker-20] INFO  o.e.m.c.i.embedder.EclipseLogger - Using 'UTF-8' encoding to copy filtered resources.
2018-08-02 20:19:06,721 [Worker-20] INFO  o.e.m.c.i.embedder.EclipseLogger - skip non existing resourceDirectory C:\MyGithub\Online_Repo\S3\workspace\ecsconnection\src\test\resources
2018-08-02 20:19:45,410 [Worker-9] INFO  o.e.m.c.i.embedder.EclipseLogger - Using 'UTF-8' encoding to copy filtered resources.
2018-08-02 20:19:45,412 [Worker-9] INFO  o.e.m.c.i.embedder.EclipseLogger - Copying 1 resource
2018-08-02 20:19:45,418 [Worker-9] INFO  o.e.m.c.i.embedder.EclipseLogger - Copying 0 resource
2018-08-02 20:19:45,423 [Worker-9] INFO  o.e.m.c.i.embedder.EclipseLogger - Using 'UTF-8' encoding to copy filtered resources.
2018-08-02 20:19:45,424 [Worker-9] INFO  o.e.m.c.i.embedder.EclipseLogger - skip non existing resourceDirectory C:\MyGithub\Online_Repo\S3\workspace\ecsconnection\src\test\resources
2018-08-02 20:20:06,574 [Worker-15] INFO  o.e.m.c.i.p.ProjectConfigurationManager - Update started
2018-08-02 20:20:08,447 [Worker-15] INFO  o.e.m.c.i.l.LifecycleMappingFactory - Using org.eclipse.m2e.jdt.JarLifecycleMapping lifecycle mapping for MavenProject: com.shelly.poc.ecs:ecsconnection:0.0.1-SNAPSHOT @ C:\MyGithub\Online_Repo\S3\workspace\ecsconnection\pom.xml.
2018-08-02 20:20:09,251 [Worker-15] INFO  o.e.m.j.i.AbstractJavaProjectConfigurator - Adding source folder /ecsconnection/src/main/java
2018-08-02 20:20:09,252 [Worker-15] INFO  o.e.m.j.i.AbstractJavaProjectConfigurator - Adding resource folder /ecsconnection/src/main/resources
2018-08-02 20:20:09,252 [Worker-15] INFO  o.e.m.j.i.AbstractJavaProjectConfigurator - Adding resource folder /ecsconnection/src/main/resources
2018-08-02 20:20:09,253 [Worker-15] INFO  o.e.m.j.i.AbstractJavaProjectConfigurator - Adding source folder /ecsconnection/src/test/java
2018-08-02 20:20:09,674 [Worker-15] INFO  o.e.m.c.i.p.ProjectConfigurationManager - Update completed: 3 sec
2018-08-02 20:20:10,432 [Worker-22] INFO  o.e.m.c.i.embedder.EclipseLogger - Using 'UTF-8' encoding to copy filtered resources.
2018-08-02 20:20:10,433 [Worker-22] INFO  o.e.m.c.i.embedder.EclipseLogger - Copying 1 resource
2018-08-02 20:20:10,450 [Worker-22] INFO  o.e.m.c.i.embedder.EclipseLogger - Copying 0 resource
2018-08-02 20:20:10,454 [Worker-22] INFO  o.e.m.c.i.embedder.EclipseLogger - Using 'UTF-8' encoding to copy filtered resources.
2018-08-02 20:20:10,454 [Worker-22] INFO  o.e.m.c.i.embedder.EclipseLogger - skip non existing resourceDirectory C:\MyGithub\Online_Repo\S3\workspace\ecsconnection\src\test\resources
2018-08-02 20:20:35,160 [Worker-22] INFO  o.e.m.c.i.embedder.EclipseLogger - Using 'UTF-8' encoding to copy filtered resources.
2018-08-02 20:20:35,162 [Worker-22] INFO  o.e.m.c.i.embedder.EclipseLogger - Copying 1 resource
2018-08-02 20:20:35,166 [Worker-22] INFO  o.e.m.c.i.embedder.EclipseLogger - Copying 0 resource
2018-08-02 20:20:35,200 [Worker-22] INFO  o.e.m.c.i.embedder.EclipseLogger - Using 'UTF-8' encoding to copy filtered resources.
2018-08-02 20:20:35,200 [Worker-22] INFO  o.e.m.c.i.embedder.EclipseLogger - skip non existing resourceDirectory C:\MyGithub\Online_Repo\S3\workspace\ecsconnection\src\test\resources
2018-08-02 20:26:51,609 [Worker-25] INFO  o.e.m.c.i.embedder.EclipseLogger - Using 'UTF-8' encoding to copy filtered resources.
2018-08-02 20:26:51,614 [Worker-25] INFO  o.e.m.c.i.embedder.EclipseLogger - Copying 0 resource
2018-08-02 20:26:51,615 [Worker-25] INFO  o.e.m.c.i.embedder.EclipseLogger - Copying 0 resource
2018-08-02 20:26:51,621 [Worker-25] INFO  o.e.m.c.i.embedder.EclipseLogger - Using 'UTF-8' encoding to copy filtered resources.
2018-08-02 20:26:51,622 [Worker-25] INFO  o.e.m.c.i.embedder.EclipseLogger - skip non existing resourceDirectory C:\MyGithub\Online_Repo\S3\workspace\ecsconnection\src\test\resources
2018-08-02 20:29:26,137 [Worker-25] INFO  o.e.m.c.i.p.ProjectConfigurationManager - Update started
2018-08-02 20:29:28,518 [Worker-25] INFO  o.e.m.c.i.l.LifecycleMappingFactory - Using org.eclipse.m2e.jdt.JarLifecycleMapping lifecycle mapping for MavenProject: com.shelly.poc.ecs:ecsconnection:0.0.1-SNAPSHOT @ C:\MyGithub\Online_Repo\S3\workspace\ecsconnection\pom.xml.
2018-08-02 20:29:30,231 [Worker-25] INFO  o.e.m.j.i.AbstractJavaProjectConfigurator - Adding source folder /ecsconnection/src/main/java
2018-08-02 20:29:30,232 [Worker-25] INFO  o.e.m.j.i.AbstractJavaProjectConfigurator - Adding resource folder /ecsconnection/src/main/resources
2018-08-02 20:29:30,232 [Worker-25] INFO  o.e.m.j.i.AbstractJavaProjectConfigurator - Adding resource folder /ecsconnection/src/main/resources
2018-08-02 20:29:30,233 [Worker-25] INFO  o.e.m.j.i.AbstractJavaProjectConfigurator - Adding source folder /ecsconnection/src/test/java
2018-08-02 20:29:30,678 [Worker-25] INFO  o.e.m.c.i.p.ProjectConfigurationManager - Update completed: 4 sec
2018-08-02 20:29:31,348 [Worker-29] INFO  o.e.m.c.i.embedder.EclipseLogger - Using 'UTF-8' encoding to copy filtered resources.
2018-08-02 20:29:31,349 [Worker-29] INFO  o.e.m.c.i.embedder.EclipseLogger - Copying 1 resource
2018-08-02 20:29:31,365 [Worker-29] INFO  o.e.m.c.i.embedder.EclipseLogger - Copying 0 resource
2018-08-02 20:29:31,368 [Worker-29] INFO  o.e.m.c.i.embedder.EclipseLogger - Using 'UTF-8' encoding to copy filtered resources.
2018-08-02 20:29:31,368 [Worker-29] INFO  o.e.m.c.i.embedder.EclipseLogger - skip non existing resourceDirectory C:\MyGithub\Online_Repo\S3\workspace\ecsconnection\src\test\resources
2018-08-02 20:31:56,474 [Worker-27] INFO  o.e.m.c.i.embedder.EclipseLogger - Using 'UTF-8' encoding to copy filtered resources.
2018-08-02 20:31:56,480 [Worker-27] INFO  o.e.m.c.i.embedder.EclipseLogger - Copying 1 resource
2018-08-02 20:31:56,486 [Worker-27] INFO  o.e.m.c.i.embedder.EclipseLogger - Copying 0 resource
2018-08-02 20:31:56,494 [Worker-27] INFO  o.e.m.c.i.embedder.EclipseLogger - Using 'UTF-8' encoding to copy filtered resources.
2018-08-02 20:31:56,494 [Worker-27] INFO  o.e.m.c.i.embedder.EclipseLogger - skip non existing resourceDirectory C:\MyGithub\Online_Repo\S3\workspace\ecsconnection\src\test\resources
2018-08-02 20:49:04,995 [Worker-29] INFO  o.e.m.c.i.l.LifecycleMappingFactory - Using org.eclipse.m2e.jdt.JarLifecycleMapping lifecycle mapping for MavenProject: com.shelly.poc.ecs:ecsconnection:0.0.1-SNAPSHOT @ C:\MyGithub\Online_Repo\S3\workspace\ecsconnection\pom.xml.
2018-08-02 20:49:06,984 [Worker-29] INFO  o.e.m.j.i.AbstractJavaProjectConfigurator - Adding source folder /ecsconnection/src/main/java
2018-08-02 20:49:06,984 [Worker-29] INFO  o.e.m.j.i.AbstractJavaProjectConfigurator - Adding resource folder /ecsconnection/src/main/resources
2018-08-02 20:49:06,995 [Worker-29] INFO  o.e.m.j.i.AbstractJavaProjectConfigurator - Adding resource folder /ecsconnection/src/main/resources
2018-08-02 20:49:07,006 [Worker-29] INFO  o.e.m.j.i.AbstractJavaProjectConfigurator - Adding source folder /ecsconnection/src/test/java
2018-08-02 20:49:07,521 [Worker-29] INFO  o.e.m.c.i.p.ProjectConfigurationManager - Imported and configured 1 project(s) in 4 sec
2018-08-02 20:49:08,602 [Worker-27] INFO  o.e.m.c.i.embedder.EclipseLogger - Using 'UTF-8' encoding to copy filtered resources.
2018-08-02 20:49:08,602 [Worker-27] INFO  o.e.m.c.i.embedder.EclipseLogger - Copying 1 resource
2018-08-02 20:49:08,624 [Worker-27] INFO  o.e.m.c.i.embedder.EclipseLogger - Copying 0 resource
2018-08-02 20:49:08,628 [Worker-27] INFO  o.e.m.c.i.embedder.EclipseLogger - Using 'UTF-8' encoding to copy filtered resources.
2018-08-02 20:49:08,628 [Worker-27] INFO  o.e.m.c.i.embedder.EclipseLogger - skip non existing resourceDirectory C:\MyGithub\Online_Repo\S3\workspace\ecsconnection\src\test\resources
2018-08-02 20:49:32,876 [Worker-25] INFO  o.e.m.c.i.embedder.EclipseLogger - Using 'UTF-8' encoding to copy filtered resources.
2018-08-02 20:49:32,883 [Worker-25] INFO  o.e.m.c.i.embedder.EclipseLogger - Copying 1 resource
2018-08-02 20:49:32,891 [Worker-25] INFO  o.e.m.c.i.embedder.EclipseLogger - Copying 0 resource
2018-08-02 20:49:32,896 [Worker-25] INFO  o.e.m.c.i.embedder.EclipseLogger - Using 'UTF-8' encoding to copy filtered resources.
2018-08-02 20:49:32,897 [Worker-25] INFO  o.e.m.c.i.embedder.EclipseLogger - skip non existing resourceDirectory C:\MyGithub\Online_Repo\S3\workspace\ecsconnection\src\test\resources
2018-08-02 20:50:10,805 [Worker-25] INFO  o.e.m.c.i.embedder.EclipseLogger - Using 'UTF-8' encoding to copy filtered resources.
2018-08-02 20:50:10,810 [Worker-25] INFO  o.e.m.c.i.embedder.EclipseLogger - Copying 1 resource
2018-08-02 20:50:10,819 [Worker-25] INFO  o.e.m.c.i.embedder.EclipseLogger - Copying 0 resource
2018-08-02 20:50:10,826 [Worker-25] INFO  o.e.m.c.i.embedder.EclipseLogger - Using 'UTF-8' encoding to copy filtered resources.
2018-08-02 20:50:10,827 [Worker-25] INFO  o.e.m.c.i.embedder.EclipseLogger - skip non existing resourceDirectory C:\MyGithub\Online_Repo\S3\workspace\ecsconnection\src\test\resources
2018-08-02 20:51:37,784 [Worker-31] INFO  o.e.m.c.i.embedder.EclipseLogger - Using 'UTF-8' encoding to copy filtered resources.
2018-08-02 20:51:37,785 [Worker-31] INFO  o.e.m.c.i.embedder.EclipseLogger - Copying 0 resource
2018-08-02 20:51:37,786 [Worker-31] INFO  o.e.m.c.i.embedder.EclipseLogger - Copying 0 resource
2018-08-02 20:51:37,792 [Worker-31] INFO  o.e.m.c.i.embedder.EclipseLogger - Using 'UTF-8' encoding to copy filtered resources.
2018-08-02 20:51:37,792 [Worker-31] INFO  o.e.m.c.i.embedder.EclipseLogger - skip non existing resourceDirectory C:\MyGithub\Online_Repo\S3\workspace\ecsconnection\src\test\resources
2018-08-02 20:53:31,049 [Worker-30] INFO  o.e.m.c.i.embedder.EclipseLogger - Using 'UTF-8' encoding to copy filtered resources.
2018-08-02 20:53:31,050 [Worker-30] INFO  o.e.m.c.i.embedder.EclipseLogger - Copying 0 resource
2018-08-02 20:53:31,051 [Worker-30] INFO  o.e.m.c.i.embedder.EclipseLogger - Copying 0 resource
2018-08-02 20:53:31,054 [Worker-30] INFO  o.e.m.c.i.embedder.EclipseLogger - Using 'UTF-8' encoding to copy filtered resources.
2018-08-02 20:53:31,055 [Worker-30] INFO  o.e.m.c.i.embedder.EclipseLogger - skip non existing resourceDirectory C:\MyGithub\Online_Repo\S3\workspace\ecsconnection\src\test\resources
2018-08-02 21:28:07,754 [Worker-30] INFO  o.e.m.c.i.embedder.EclipseLogger - Using 'UTF-8' encoding to copy filtered resources.
2018-08-02 21:28:07,757 [Worker-30] INFO  o.e.m.c.i.embedder.EclipseLogger - Copying 1 resource
2018-08-02 21:28:07,762 [Worker-30] INFO  o.e.m.c.i.embedder.EclipseLogger - Copying 0 resource
2018-08-02 21:28:07,766 [Worker-30] INFO  o.e.m.c.i.embedder.EclipseLogger - Using 'UTF-8' encoding to copy filtered resources.
2018-08-02 21:28:07,767 [Worker-30] INFO  o.e.m.c.i.embedder.EclipseLogger - skip non existing resourceDirectory C:\MyGithub\Online_Repo\S3\workspace\ecsconnection\src\test\resources
2018-08-02 21:28:40,623 [Worker-34] INFO  o.e.m.c.i.embedder.EclipseLogger - Using 'UTF-8' encoding to copy filtered resources.
2018-08-02 21:28:40,627 [Worker-34] INFO  o.e.m.c.i.embedder.EclipseLogger - Copying 1 resource
2018-08-02 21:28:40,631 [Worker-34] INFO  o.e.m.c.i.embedder.EclipseLogger - Copying 0 resource
2018-08-02 21:28:40,634 [Worker-34] INFO  o.e.m.c.i.embedder.EclipseLogger - Using 'UTF-8' encoding to copy filtered resources.
2018-08-02 21:28:40,635 [Worker-34] INFO  o.e.m.c.i.embedder.EclipseLogger - skip non existing resourceDirectory C:\MyGithub\Online_Repo\S3\workspace\ecsconnection\src\test\resources
2018-08-02 21:29:29,758 [Worker-34] INFO  o.e.m.c.i.l.LifecycleMappingFactory - Using org.eclipse.m2e.jdt.JarLifecycleMapping lifecycle mapping for MavenProject: com.shelly.poc.ecs:ecsconnection:0.0.1-SNAPSHOT @ C:\MyGithub\Online_Repo\S3\workspace\ecsconnection\pom.xml.
2018-08-02 21:29:44,344 [Worker-34] INFO  o.e.m.c.i.e.AbstractTransferListenerAdapter - Downloaded https://sres.web.boeing.com/artifactory/Maven-Snapshots/org/apache/httpcomponents/httpclient/4.5.6/httpclient-4.5.6.pom
2018-08-02 21:29:46,756 [Worker-34] INFO  o.e.m.c.i.embedder.EclipseLogger - Using 'UTF-8' encoding to copy filtered resources.
2018-08-02 21:29:46,764 [Worker-34] INFO  o.e.m.c.i.embedder.EclipseLogger - Copying 0 resource
2018-08-02 21:29:46,765 [Worker-34] INFO  o.e.m.c.i.embedder.EclipseLogger - Copying 0 resource
2018-08-02 21:29:46,769 [Worker-34] INFO  o.e.m.c.i.embedder.EclipseLogger - Using 'UTF-8' encoding to copy filtered resources.
2018-08-02 21:29:46,769 [Worker-34] INFO  o.e.m.c.i.embedder.EclipseLogger - skip non existing resourceDirectory C:\MyGithub\Online_Repo\S3\workspace\ecsconnection\src\test\resources
2018-08-02 21:33:00,883 [Worker-27] INFO  o.e.m.c.i.embedder.EclipseLogger - Using 'UTF-8' encoding to copy filtered resources.
2018-08-02 21:33:00,886 [Worker-27] INFO  o.e.m.c.i.embedder.EclipseLogger - Copying 1 resource
2018-08-02 21:33:00,909 [Worker-27] INFO  o.e.m.c.i.embedder.EclipseLogger - Copying 0 resource
2018-08-02 21:33:00,912 [Worker-27] INFO  o.e.m.c.i.embedder.EclipseLogger - Using 'UTF-8' encoding to copy filtered resources.
2018-08-02 21:33:00,913 [Worker-27] INFO  o.e.m.c.i.embedder.EclipseLogger - skip non existing resourceDirectory C:\MyGithub\Online_Repo\S3\workspace\ecsconnection\src\test\resources
2018-08-02 22:48:44,177 [Worker-36] INFO  o.e.m.c.i.embedder.EclipseLogger - Using 'UTF-8' encoding to copy filtered resources.
2018-08-02 22:48:44,183 [Worker-36] INFO  o.e.m.c.i.embedder.EclipseLogger - Copying 1 resource
2018-08-02 22:48:44,191 [Worker-36] INFO  o.e.m.c.i.embedder.EclipseLogger - Copying 0 resource
2018-08-02 22:48:44,195 [Worker-36] INFO  o.e.m.c.i.embedder.EclipseLogger - Using 'UTF-8' encoding to copy filtered resources.
2018-08-02 22:48:44,195 [Worker-36] INFO  o.e.m.c.i.embedder.EclipseLogger - skip non existing resourceDirectory C:\MyGithub\Online_Repo\S3\workspace\ecsconnection\src\test\resources
2018-08-02 22:53:34,187 [Worker-36] INFO  o.e.m.c.i.embedder.EclipseLogger - Using 'UTF-8' encoding to copy filtered resources.
2018-08-02 22:53:34,191 [Worker-36] INFO  o.e.m.c.i.embedder.EclipseLogger - Copying 1 resource
2018-08-02 22:53:34,197 [Worker-36] INFO  o.e.m.c.i.embedder.EclipseLogger - Copying 0 resource
2018-08-02 22:53:34,202 [Worker-36] INFO  o.e.m.c.i.embedder.EclipseLogger - Using 'UTF-8' encoding to copy filtered resources.
2018-08-02 22:53:34,202 [Worker-36] INFO  o.e.m.c.i.embedder.EclipseLogger - skip non existing resourceDirectory C:\MyGithub\Online_Repo\S3\workspace\ecsconnection\src\test\resources
2018-08-02 22:53:35,252 [Worker-39] INFO  o.e.m.c.i.embedder.EclipseLogger - Using 'UTF-8' encoding to copy filtered resources.
2018-08-02 22:53:35,256 [Worker-39] INFO  o.e.m.c.i.embedder.EclipseLogger - Copying 1 resource
2018-08-02 22:53:35,264 [Worker-39] INFO  o.e.m.c.i.embedder.EclipseLogger - Copying 0 resource
2018-08-02 22:53:35,268 [Worker-39] INFO  o.e.m.c.i.embedder.EclipseLogger - Using 'UTF-8' encoding to copy filtered resources.
2018-08-02 22:53:35,269 [Worker-39] INFO  o.e.m.c.i.embedder.EclipseLogger - skip non existing resourceDirectory C:\MyGithub\Online_Repo\S3\workspace\ecsconnection\src\test\resources
2018-08-02 23:14:41,585 [Worker-25] INFO  o.e.m.c.i.embedder.EclipseLogger - Using 'UTF-8' encoding to copy filtered resources.
2018-08-02 23:14:41,590 [Worker-25] INFO  o.e.m.c.i.embedder.EclipseLogger - Copying 1 resource
2018-08-02 23:14:41,598 [Worker-25] INFO  o.e.m.c.i.embedder.EclipseLogger - Copying 0 resource
2018-08-02 23:14:41,603 [Worker-25] INFO  o.e.m.c.i.embedder.EclipseLogger - Using 'UTF-8' encoding to copy filtered resources.
2018-08-02 23:14:41,603 [Worker-25] INFO  o.e.m.c.i.embedder.EclipseLogger - skip non existing resourceDirectory C:\MyGithub\Online_Repo\S3\workspace\ecsconnection\src\test\resources
2018-08-03 11:59:34,671 [Worker-45] INFO  o.e.m.c.i.embedder.EclipseLogger - Using 'UTF-8' encoding to copy filtered resources.
2018-08-03 11:59:34,674 [Worker-45] INFO  o.e.m.c.i.embedder.EclipseLogger - Copying 1 resource
2018-08-03 11:59:34,680 [Worker-45] INFO  o.e.m.c.i.embedder.EclipseLogger - Copying 0 resource
2018-08-03 11:59:34,684 [Worker-45] INFO  o.e.m.c.i.embedder.EclipseLogger - Using 'UTF-8' encoding to copy filtered resources.
2018-08-03 11:59:34,684 [Worker-45] INFO  o.e.m.c.i.embedder.EclipseLogger - skip non existing resourceDirectory C:\MyGithub\Online_Repo\S3\workspace\ecsconnection\src\test\resources
2018-08-03 12:25:35,707 [Worker-39] INFO  o.e.m.c.i.embedder.EclipseLogger - Using 'UTF-8' encoding to copy filtered resources.
2018-08-03 12:25:35,710 [Worker-39] INFO  o.e.m.c.i.embedder.EclipseLogger - Copying 1 resource
2018-08-03 12:25:35,715 [Worker-39] INFO  o.e.m.c.i.embedder.EclipseLogger - Copying 0 resource
2018-08-03 12:25:35,721 [Worker-39] INFO  o.e.m.c.i.embedder.EclipseLogger - Using 'UTF-8' encoding to copy filtered resources.
2018-08-03 12:25:35,721 [Worker-39] INFO  o.e.m.c.i.embedder.EclipseLogger - skip non existing resourceDirectory C:\MyGithub\Online_Repo\S3\workspace\ecsconnection\src\test\resources
2018-08-03 12:25:52,901 [Worker-39] INFO  o.e.m.c.i.embedder.EclipseLogger - Using 'UTF-8' encoding to copy filtered resources.
2018-08-03 12:25:52,903 [Worker-39] INFO  o.e.m.c.i.embedder.EclipseLogger - Copying 1 resource
2018-08-03 12:25:52,908 [Worker-39] INFO  o.e.m.c.i.embedder.EclipseLogger - Copying 0 resource
2018-08-03 12:25:52,912 [Worker-39] INFO  o.e.m.c.i.embedder.EclipseLogger - Using 'UTF-8' encoding to copy filtered resources.
2018-08-03 12:25:52,913 [Worker-39] INFO  o.e.m.c.i.embedder.EclipseLogger - skip non existing resourceDirectory C:\MyGithub\Online_Repo\S3\workspace\ecsconnection\src\test\resources
2018-08-03 12:26:31,365 [Worker-47] INFO  o.e.m.c.i.embedder.EclipseLogger - Using 'UTF-8' encoding to copy filtered resources.
2018-08-03 12:26:31,367 [Worker-47] INFO  o.e.m.c.i.embedder.EclipseLogger - Copying 1 resource
2018-08-03 12:26:31,372 [Worker-47] INFO  o.e.m.c.i.embedder.EclipseLogger - Copying 0 resource
2018-08-03 12:26:31,375 [Worker-47] INFO  o.e.m.c.i.embedder.EclipseLogger - Using 'UTF-8' encoding to copy filtered resources.
2018-08-03 12:26:31,375 [Worker-47] INFO  o.e.m.c.i.embedder.EclipseLogger - skip non existing resourceDirectory C:\MyGithub\Online_Repo\S3\workspace\ecsconnection\src\test\resources
2018-08-03 12:28:00,043 [Worker-47] INFO  o.e.m.c.i.embedder.EclipseLogger - Using 'UTF-8' encoding to copy filtered resources.
2018-08-03 12:28:00,047 [Worker-47] INFO  o.e.m.c.i.embedder.EclipseLogger - Copying 1 resource
2018-08-03 12:28:00,054 [Worker-47] INFO  o.e.m.c.i.embedder.EclipseLogger - Copying 0 resource
2018-08-03 12:28:00,059 [Worker-47] INFO  o.e.m.c.i.embedder.EclipseLogger - Using 'UTF-8' encoding to copy filtered resources.
2018-08-03 12:28:00,059 [Worker-47] INFO  o.e.m.c.i.embedder.EclipseLogger - skip non existing resourceDirectory C:\MyGithub\Online_Repo\S3\workspace\ecsconnection\src\test\resources
2018-08-03 12:32:04,694 [Worker-45] INFO  o.e.m.c.i.embedder.EclipseLogger - Using 'UTF-8' encoding to copy filtered resources.
2018-08-03 12:32:04,697 [Worker-45] INFO  o.e.m.c.i.embedder.EclipseLogger - Copying 1 resource
2018-08-03 12:32:04,703 [Worker-45] INFO  o.e.m.c.i.embedder.EclipseLogger - Copying 0 resource
2018-08-03 12:32:04,706 [Worker-45] INFO  o.e.m.c.i.embedder.EclipseLogger - Using 'UTF-8' encoding to copy filtered resources.
2018-08-03 12:32:04,718 [Worker-45] INFO  o.e.m.c.i.embedder.EclipseLogger - skip non existing resourceDirectory C:\MyGithub\Online_Repo\S3\workspace\ecsconnection\src\test\resources
2018-08-03 12:36:37,444 [Worker-45] INFO  o.e.m.c.i.embedder.EclipseLogger - Using 'UTF-8' encoding to copy filtered resources.
2018-08-03 12:36:37,448 [Worker-45] INFO  o.e.m.c.i.embedder.EclipseLogger - Copying 1 resource
2018-08-03 12:36:37,453 [Worker-45] INFO  o.e.m.c.i.embedder.EclipseLogger - Copying 0 resource
2018-08-03 12:36:37,457 [Worker-45] INFO  o.e.m.c.i.embedder.EclipseLogger - Using 'UTF-8' encoding to copy filtered resources.
2018-08-03 12:36:37,457 [Worker-45] INFO  o.e.m.c.i.embedder.EclipseLogger - skip non existing resourceDirectory C:\MyGithub\Online_Repo\S3\workspace\ecsconnection\src\test\resources
2018-08-03 13:08:10,639 [Worker-53] INFO  o.e.m.c.i.embedder.EclipseLogger - Using 'UTF-8' encoding to copy filtered resources.
2018-08-03 13:08:10,642 [Worker-53] INFO  o.e.m.c.i.embedder.EclipseLogger - Copying 1 resource
2018-08-03 13:08:10,646 [Worker-53] INFO  o.e.m.c.i.embedder.EclipseLogger - Copying 0 resource
2018-08-03 13:08:10,649 [Worker-53] INFO  o.e.m.c.i.embedder.EclipseLogger - Using 'UTF-8' encoding to copy filtered resources.
2018-08-03 13:08:10,650 [Worker-53] INFO  o.e.m.c.i.embedder.EclipseLogger - skip non existing resourceDirectory C:\MyGithub\Online_Repo\S3\workspace\ecsconnection\src\test\resources
2018-08-03 13:22:32,455 [Worker-50] INFO  o.e.m.c.i.embedder.EclipseLogger - Using 'UTF-8' encoding to copy filtered resources.
2018-08-03 13:22:32,456 [Worker-50] INFO  o.e.m.c.i.embedder.EclipseLogger - Copying 1 resource
2018-08-03 13:22:32,460 [Worker-50] INFO  o.e.m.c.i.embedder.EclipseLogger - Copying 0 resource
2018-08-03 13:22:32,462 [Worker-50] INFO  o.e.m.c.i.embedder.EclipseLogger - Using 'UTF-8' encoding to copy filtered resources.
2018-08-03 13:22:32,462 [Worker-50] INFO  o.e.m.c.i.embedder.EclipseLogger - skip non existing resourceDirectory C:\MyGithub\Online_Repo\S3\workspace\ecsconnection\src\test\resources
2018-08-03 13:42:44,962 [Worker-55] INFO  o.e.m.c.i.embedder.EclipseLogger - Using 'UTF-8' encoding to copy filtered resources.
2018-08-03 13:42:44,965 [Worker-55] INFO  o.e.m.c.i.embedder.EclipseLogger - Copying 1 resource
2018-08-03 13:42:44,970 [Worker-55] INFO  o.e.m.c.i.embedder.EclipseLogger - Copying 0 resource
2018-08-03 13:42:44,974 [Worker-55] INFO  o.e.m.c.i.embedder.EclipseLogger - Using 'UTF-8' encoding to copy filtered resources.
2018-08-03 13:42:44,975 [Worker-55] INFO  o.e.m.c.i.embedder.EclipseLogger - skip non existing resourceDirectory C:\MyGithub\Online_Repo\S3\workspace\ecsconnection\src\test\resources
2018-08-03 22:22:35,775 [Worker-75] INFO  o.e.m.c.i.embedder.EclipseLogger - Using 'UTF-8' encoding to copy filtered resources.
2018-08-03 22:22:35,780 [Worker-75] INFO  o.e.m.c.i.embedder.EclipseLogger - Copying 1 resource
2018-08-03 22:22:35,786 [Worker-75] INFO  o.e.m.c.i.embedder.EclipseLogger - Copying 0 resource
2018-08-03 22:22:35,790 [Worker-75] INFO  o.e.m.c.i.embedder.EclipseLogger - Using 'UTF-8' encoding to copy filtered resources.
2018-08-03 22:22:35,791 [Worker-75] INFO  o.e.m.c.i.embedder.EclipseLogger - skip non existing resourceDirectory C:\MyGithub\Online_Repo\S3\workspace\ecsconnection\src\test\resources
2018-08-03 23:25:24,002 [Worker-78] INFO  o.e.m.c.i.embedder.EclipseLogger - Using 'UTF-8' encoding to copy filtered resources.
2018-08-03 23:25:24,005 [Worker-78] INFO  o.e.m.c.i.embedder.EclipseLogger - Copying 1 resource
2018-08-03 23:25:24,010 [Worker-78] INFO  o.e.m.c.i.embedder.EclipseLogger - Copying 0 resource
2018-08-03 23:25:24,013 [Worker-78] INFO  o.e.m.c.i.embedder.EclipseLogger - Using 'UTF-8' encoding to copy filtered resources.
2018-08-03 23:25:24,013 [Worker-78] INFO  o.e.m.c.i.embedder.EclipseLogger - skip non existing resourceDirectory C:\MyGithub\Online_Repo\S3\workspace\ecsconnection\src\test\resources
2018-08-03 23:30:39,520 [Worker-70] INFO  o.e.m.c.i.embedder.EclipseLogger - Using 'UTF-8' encoding to copy filtered resources.
2018-08-03 23:30:39,536 [Worker-70] INFO  o.e.m.c.i.embedder.EclipseLogger - Copying 1 resource
2018-08-03 23:30:39,536 [Worker-70] INFO  o.e.m.c.i.embedder.EclipseLogger - Copying 0 resource
2018-08-03 23:30:39,536 [Worker-70] INFO  o.e.m.c.i.embedder.EclipseLogger - Using 'UTF-8' encoding to copy filtered resources.
2018-08-03 23:30:39,536 [Worker-70] INFO  o.e.m.c.i.embedder.EclipseLogger - skip non existing resourceDirectory C:\MyGithub\Online_Repo\S3\workspace\ecsconnection\src\test\resources
2018-08-06 10:22:02,442 [Worker-18] INFO  o.e.m.c.i.l.LifecycleMappingFactory - Using org.eclipse.m2e.jdt.JarLifecycleMapping lifecycle mapping for MavenProject: com.shelly.poc.ecs:ecsconnection:0.0.1-SNAPSHOT @ C:\MyGithub\Online_Repo\S3\workspace\ecsconnection\pom.xml.
2018-08-06 10:22:02,442 [Worker-3] INFO  o.e.m.c.i.l.LifecycleMappingFactory - Using org.eclipse.m2e.jdt.JarLifecycleMapping lifecycle mapping for MavenProject: com.shelly.poc.ecs:ecsconnection:0.0.1-SNAPSHOT @ C:\MyGithub\Online_Repo\S3\workspace\ecsconnection\pom.xml.
2018-08-06 10:24:01,507 [Worker-18] INFO  o.e.m.c.i.embedder.EclipseLogger - Using 'UTF-8' encoding to copy filtered resources.
2018-08-06 10:24:01,514 [Worker-18] INFO  o.e.m.c.i.embedder.EclipseLogger - Copying 1 resource
2018-08-06 10:24:01,551 [Worker-18] INFO  o.e.m.c.i.embedder.EclipseLogger - Copying 0 resource
2018-08-06 10:24:01,554 [Worker-18] INFO  o.e.m.c.i.embedder.EclipseLogger - Using 'UTF-8' encoding to copy filtered resources.
2018-08-06 10:24:01,555 [Worker-18] INFO  o.e.m.c.i.embedder.EclipseLogger - skip non existing resourceDirectory C:\MyGithub\Online_Repo\S3\workspace\ecsconnection\src\test\resources
2018-08-06 10:24:04,423 [Worker-20] INFO  o.e.m.c.i.l.LifecycleMappingFactory - Using org.eclipse.m2e.jdt.JarLifecycleMapping lifecycle mapping for MavenProject: com.shelly.poc.ecs:ecsconnection:0.0.1-SNAPSHOT @ C:\MyGithub\Online_Repo\S3\workspace\ecsconnection\pom.xml.
2018-08-06 10:24:05,894 [Worker-16] INFO  o.e.m.c.i.embedder.EclipseLogger - Using 'UTF-8' encoding to copy filtered resources.
2018-08-06 10:24:05,900 [Worker-16] INFO  o.e.m.c.i.embedder.EclipseLogger - Copying 1 resource
2018-08-06 10:24:05,915 [Worker-16] INFO  o.e.m.c.i.embedder.EclipseLogger - Copying 0 resource
2018-08-06 10:24:05,918 [Worker-16] INFO  o.e.m.c.i.embedder.EclipseLogger - Using 'UTF-8' encoding to copy filtered resources.
2018-08-06 10:24:05,919 [Worker-16] INFO  o.e.m.c.i.embedder.EclipseLogger - skip non existing resourceDirectory C:\MyGithub\Online_Repo\S3\workspace\ecsconnection\src\test\resources
2018-08-06 10:24:08,173 [Worker-18] INFO  o.e.m.c.i.embedder.EclipseLogger - Using 'UTF-8' encoding to copy filtered resources.
2018-08-06 10:24:08,175 [Worker-18] INFO  o.e.m.c.i.embedder.EclipseLogger - Copying 1 resource
2018-08-06 10:24:08,178 [Worker-18] INFO  o.e.m.c.i.embedder.EclipseLogger - Copying 0 resource
2018-08-06 10:24:08,181 [Worker-18] INFO  o.e.m.c.i.embedder.EclipseLogger - Using 'UTF-8' encoding to copy filtered resources.
2018-08-06 10:24:08,181 [Worker-18] INFO  o.e.m.c.i.embedder.EclipseLogger - skip non existing resourceDirectory C:\MyGithub\Online_Repo\S3\workspace\ecsconnection\src\test\resources
2018-08-06 10:24:14,204 [Worker-4] INFO  c.g.t.t.d.PublishedGradleVersions - Gradle version information cache is out-of-date. Trying to update.
2018-08-06 12:14:04,472 [Worker-47] INFO  o.e.m.c.i.embedder.EclipseLogger - Using 'UTF-8' encoding to copy filtered resources.
2018-08-06 12:14:04,474 [Worker-47] INFO  o.e.m.c.i.embedder.EclipseLogger - Copying 0 resource
2018-08-06 12:14:04,475 [Worker-47] INFO  o.e.m.c.i.embedder.EclipseLogger - Copying 0 resource
2018-08-06 12:14:04,481 [Worker-47] INFO  o.e.m.c.i.embedder.EclipseLogger - Using 'UTF-8' encoding to copy filtered resources.
2018-08-06 12:14:04,481 [Worker-47] INFO  o.e.m.c.i.embedder.EclipseLogger - skip non existing resourceDirectory C:\MyGithub\Online_Repo\S3\workspace\ecsconnection\src\test\resources
2018-08-06 12:14:30,498 [Worker-40] INFO  o.e.m.c.i.embedder.EclipseLogger - Using 'UTF-8' encoding to copy filtered resources.
2018-08-06 12:14:30,502 [Worker-40] INFO  o.e.m.c.i.embedder.EclipseLogger - Copying 1 resource
2018-08-06 12:14:30,507 [Worker-40] INFO  o.e.m.c.i.embedder.EclipseLogger - Copying 0 resource
2018-08-06 12:14:30,511 [Worker-40] INFO  o.e.m.c.i.embedder.EclipseLogger - Using 'UTF-8' encoding to copy filtered resources.
2018-08-06 12:14:30,511 [Worker-40] INFO  o.e.m.c.i.embedder.EclipseLogger - skip non existing resourceDirectory C:\MyGithub\Online_Repo\S3\workspace\ecsconnection\src\test\resources
2018-08-06 12:17:49,744 [Worker-38] INFO  o.e.m.c.i.embedder.EclipseLogger - Using 'UTF-8' encoding to copy filtered resources.
2018-08-06 12:17:49,747 [Worker-38] INFO  o.e.m.c.i.embedder.EclipseLogger - Copying 1 resource
2018-08-06 12:17:49,752 [Worker-38] INFO  o.e.m.c.i.embedder.EclipseLogger - Copying 0 resource
2018-08-06 12:17:49,758 [Worker-38] INFO  o.e.m.c.i.embedder.EclipseLogger - Using 'UTF-8' encoding to copy filtered resources.
2018-08-06 12:17:49,759 [Worker-38] INFO  o.e.m.c.i.embedder.EclipseLogger - skip non existing resourceDirectory C:\MyGithub\Online_Repo\S3\workspace\ecsconnection\src\test\resources
2018-08-06 12:20:53,309 [Worker-50] INFO  o.e.m.c.i.embedder.EclipseLogger - Using 'UTF-8' encoding to copy filtered resources.
2018-08-06 12:20:53,313 [Worker-50] INFO  o.e.m.c.i.embedder.EclipseLogger - Copying 1 resource
2018-08-06 12:20:53,319 [Worker-50] INFO  o.e.m.c.i.embedder.EclipseLogger - Copying 0 resource
2018-08-06 12:20:53,324 [Worker-50] INFO  o.e.m.c.i.embedder.EclipseLogger - Using 'UTF-8' encoding to copy filtered resources.
2018-08-06 12:20:53,325 [Worker-50] INFO  o.e.m.c.i.embedder.EclipseLogger - skip non existing resourceDirectory C:\MyGithub\Online_Repo\S3\workspace\ecsconnection\src\test\resources
2018-08-06 12:22:33,214 [Worker-40] INFO  o.e.m.c.i.embedder.EclipseLogger - Using 'UTF-8' encoding to copy filtered resources.
2018-08-06 12:22:33,218 [Worker-40] INFO  o.e.m.c.i.embedder.EclipseLogger - Copying 1 resource
2018-08-06 12:22:33,223 [Worker-40] INFO  o.e.m.c.i.embedder.EclipseLogger - Copying 0 resource
2018-08-06 12:22:33,228 [Worker-40] INFO  o.e.m.c.i.embedder.EclipseLogger - Using 'UTF-8' encoding to copy filtered resources.
2018-08-06 12:22:33,228 [Worker-40] INFO  o.e.m.c.i.embedder.EclipseLogger - skip non existing resourceDirectory C:\MyGithub\Online_Repo\S3\workspace\ecsconnection\src\test\resources
2018-08-06 12:23:15,106 [Worker-48] INFO  o.e.m.c.i.embedder.EclipseLogger - Using 'UTF-8' encoding to copy filtered resources.
2018-08-06 12:23:15,109 [Worker-48] INFO  o.e.m.c.i.embedder.EclipseLogger - Copying 1 resource
2018-08-06 12:23:15,113 [Worker-48] INFO  o.e.m.c.i.embedder.EclipseLogger - Copying 0 resource
2018-08-06 12:23:15,118 [Worker-48] INFO  o.e.m.c.i.embedder.EclipseLogger - Using 'UTF-8' encoding to copy filtered resources.
2018-08-06 12:23:15,119 [Worker-48] INFO  o.e.m.c.i.embedder.EclipseLogger - skip non existing resourceDirectory C:\MyGithub\Online_Repo\S3\workspace\ecsconnection\src\test\resources
2018-08-06 12:24:16,746 [Worker-47] INFO  o.e.m.c.i.embedder.EclipseLogger - Using 'UTF-8' encoding to copy filtered resources.
2018-08-06 12:24:16,749 [Worker-47] INFO  o.e.m.c.i.embedder.EclipseLogger - Copying 1 resource
2018-08-06 12:24:16,754 [Worker-47] INFO  o.e.m.c.i.embedder.EclipseLogger - Copying 0 resource
2018-08-06 12:24:16,759 [Worker-47] INFO  o.e.m.c.i.embedder.EclipseLogger - Using 'UTF-8' encoding to copy filtered resources.
2018-08-06 12:24:16,759 [Worker-47] INFO  o.e.m.c.i.embedder.EclipseLogger - skip non existing resourceDirectory C:\MyGithub\Online_Repo\S3\workspace\ecsconnection\src\test\resources
2018-08-06 12:24:18,005 [Worker-40] INFO  o.e.m.c.i.embedder.EclipseLogger - Using 'UTF-8' encoding to copy filtered resources.
2018-08-06 12:24:18,009 [Worker-40] INFO  o.e.m.c.i.embedder.EclipseLogger - Copying 1 resource
2018-08-06 12:24:18,016 [Worker-40] INFO  o.e.m.c.i.embedder.EclipseLogger - Copying 0 resource
2018-08-06 12:24:18,027 [Worker-40] INFO  o.e.m.c.i.embedder.EclipseLogger - Using 'UTF-8' encoding to copy filtered resources.
2018-08-06 12:24:18,028 [Worker-40] INFO  o.e.m.c.i.embedder.EclipseLogger - skip non existing resourceDirectory C:\MyGithub\Online_Repo\S3\workspace\ecsconnection\src\test\resources
2018-08-06 12:24:27,503 [Worker-40] INFO  o.e.m.c.i.embedder.EclipseLogger - Using 'UTF-8' encoding to copy filtered resources.
2018-08-06 12:24:27,507 [Worker-40] INFO  o.e.m.c.i.embedder.EclipseLogger - Copying 1 resource
2018-08-06 12:24:27,513 [Worker-40] INFO  o.e.m.c.i.embedder.EclipseLogger - Copying 0 resource
2018-08-06 12:24:27,519 [Worker-40] INFO  o.e.m.c.i.embedder.EclipseLogger - Using 'UTF-8' encoding to copy filtered resources.
2018-08-06 12:24:27,519 [Worker-40] INFO  o.e.m.c.i.embedder.EclipseLogger - skip non existing resourceDirectory C:\MyGithub\Online_Repo\S3\workspace\ecsconnection\src\test\resources
2018-08-06 12:37:50,137 [Worker-52] INFO  o.e.m.c.i.embedder.EclipseLogger - Using 'UTF-8' encoding to copy filtered resources.
2018-08-06 12:37:50,139 [Worker-52] INFO  o.e.m.c.i.embedder.EclipseLogger - Copying 1 resource
2018-08-06 12:37:50,143 [Worker-52] INFO  o.e.m.c.i.embedder.EclipseLogger - Copying 0 resource
2018-08-06 12:37:50,146 [Worker-52] INFO  o.e.m.c.i.embedder.EclipseLogger - Using 'UTF-8' encoding to copy filtered resources.
2018-08-06 12:37:50,146 [Worker-52] INFO  o.e.m.c.i.embedder.EclipseLogger - skip non existing resourceDirectory C:\MyGithub\Online_Repo\S3\workspace\ecsconnection\src\test\resources
2018-08-06 12:47:02,054 [Worker-59] INFO  o.e.m.c.i.embedder.EclipseLogger - Using 'UTF-8' encoding to copy filtered resources.
2018-08-06 12:47:02,058 [Worker-59] INFO  o.e.m.c.i.embedder.EclipseLogger - Copying 1 resource
2018-08-06 12:47:02,062 [Worker-59] INFO  o.e.m.c.i.embedder.EclipseLogger - Copying 0 resource
2018-08-06 12:47:02,066 [Worker-59] INFO  o.e.m.c.i.embedder.EclipseLogger - Using 'UTF-8' encoding to copy filtered resources.
2018-08-06 12:47:02,067 [Worker-59] INFO  o.e.m.c.i.embedder.EclipseLogger - skip non existing resourceDirectory C:\MyGithub\Online_Repo\S3\workspace\ecsconnection\src\test\resources
2018-08-06 12:47:03,119 [Worker-58] INFO  o.e.m.c.i.embedder.EclipseLogger - Using 'UTF-8' encoding to copy filtered resources.
2018-08-06 12:47:03,119 [Worker-58] INFO  o.e.m.c.i.embedder.EclipseLogger - Copying 1 resource
2018-08-06 12:47:03,119 [Worker-58] INFO  o.e.m.c.i.embedder.EclipseLogger - Copying 0 resource
2018-08-06 12:47:03,135 [Worker-58] INFO  o.e.m.c.i.embedder.EclipseLogger - Using 'UTF-8' encoding to copy filtered resources.
2018-08-06 12:47:03,135 [Worker-58] INFO  o.e.m.c.i.embedder.EclipseLogger - skip non existing resourceDirectory C:\MyGithub\Online_Repo\S3\workspace\ecsconnection\src\test\resources
2018-08-06 12:47:15,217 [Worker-59] INFO  o.e.m.c.i.embedder.EclipseLogger - Using 'UTF-8' encoding to copy filtered resources.
2018-08-06 12:47:15,222 [Worker-59] INFO  o.e.m.c.i.embedder.EclipseLogger - Copying 1 resource
2018-08-06 12:47:15,229 [Worker-59] INFO  o.e.m.c.i.embedder.EclipseLogger - Copying 0 resource
2018-08-06 12:47:15,234 [Worker-59] INFO  o.e.m.c.i.embedder.EclipseLogger - Using 'UTF-8' encoding to copy filtered resources.
2018-08-06 12:47:15,234 [Worker-59] INFO  o.e.m.c.i.embedder.EclipseLogger - skip non existing resourceDirectory C:\MyGithub\Online_Repo\S3\workspace\ecsconnection\src\test\resources
2018-08-06 12:50:33,343 [Worker-59] INFO  o.e.m.c.i.embedder.EclipseLogger - Using 'UTF-8' encoding to copy filtered resources.
2018-08-06 12:50:33,343 [Worker-59] INFO  o.e.m.c.i.embedder.EclipseLogger - Copying 1 resource
2018-08-06 12:50:33,348 [Worker-59] INFO  o.e.m.c.i.embedder.EclipseLogger - Copying 0 resource
2018-08-06 12:50:33,353 [Worker-59] INFO  o.e.m.c.i.embedder.EclipseLogger - Using 'UTF-8' encoding to copy filtered resources.
2018-08-06 12:50:33,353 [Worker-59] INFO  o.e.m.c.i.embedder.EclipseLogger - skip non existing resourceDirectory C:\MyGithub\Online_Repo\S3\workspace\ecsconnection\src\test\resources
2018-08-06 12:55:59,947 [Worker-63] INFO  o.e.m.c.i.embedder.EclipseLogger - Using 'UTF-8' encoding to copy filtered resources.
2018-08-06 12:56:00,009 [Worker-63] INFO  o.e.m.c.i.embedder.EclipseLogger - Copying 1 resource
2018-08-06 12:56:00,009 [Worker-63] INFO  o.e.m.c.i.embedder.EclipseLogger - Copying 1 resource
2018-08-06 12:56:00,037 [Worker-63] INFO  o.e.m.c.i.embedder.EclipseLogger - Using 'UTF-8' encoding to copy filtered resources.
2018-08-06 12:56:00,037 [Worker-63] INFO  o.e.m.c.i.embedder.EclipseLogger - skip non existing resourceDirectory C:\MyGithub\Online_Repo\S3\workspace\ecsconnection\src\test\resources
2018-08-06 12:58:37,616 [Worker-64] INFO  o.e.m.c.i.embedder.EclipseLogger - Using 'UTF-8' encoding to copy filtered resources.
2018-08-06 12:58:37,621 [Worker-64] INFO  o.e.m.c.i.embedder.EclipseLogger - Copying 1 resource
2018-08-06 12:58:37,631 [Worker-64] INFO  o.e.m.c.i.embedder.EclipseLogger - Copying 1 resource
2018-08-06 12:58:37,636 [Worker-64] INFO  o.e.m.c.i.embedder.EclipseLogger - Using 'UTF-8' encoding to copy filtered resources.
2018-08-06 12:58:37,636 [Worker-64] INFO  o.e.m.c.i.embedder.EclipseLogger - skip non existing resourceDirectory C:\MyGithub\Online_Repo\S3\workspace\ecsconnection\src\test\resources
2018-08-06 13:00:07,838 [Worker-62] INFO  o.e.m.c.i.embedder.EclipseLogger - Using 'UTF-8' encoding to copy filtered resources.
2018-08-06 13:00:07,854 [Worker-62] INFO  o.e.m.c.i.embedder.EclipseLogger - Copying 1 resource
2018-08-06 13:00:07,854 [Worker-62] INFO  o.e.m.c.i.embedder.EclipseLogger - Copying 1 resource
2018-08-06 13:00:07,854 [Worker-62] INFO  o.e.m.c.i.embedder.EclipseLogger - Using 'UTF-8' encoding to copy filtered resources.
2018-08-06 13:00:07,854 [Worker-62] INFO  o.e.m.c.i.embedder.EclipseLogger - skip non existing resourceDirectory C:\MyGithub\Online_Repo\S3\workspace\ecsconnection\src\test\resources
2018-08-06 13:07:38,075 [Worker-69] INFO  o.e.m.c.i.embedder.EclipseLogger - Using 'UTF-8' encoding to copy filtered resources.
2018-08-06 13:07:38,078 [Worker-69] INFO  o.e.m.c.i.embedder.EclipseLogger - Copying 1 resource
2018-08-06 13:07:38,083 [Worker-69] INFO  o.e.m.c.i.embedder.EclipseLogger - Copying 1 resource
2018-08-06 13:07:38,087 [Worker-69] INFO  o.e.m.c.i.embedder.EclipseLogger - Using 'UTF-8' encoding to copy filtered resources.
2018-08-06 13:07:38,087 [Worker-69] INFO  o.e.m.c.i.embedder.EclipseLogger - skip non existing resourceDirectory C:\MyGithub\Online_Repo\S3\workspace\ecsconnection\src\test\resources
2018-08-06 13:09:35,115 [Worker-60] INFO  o.e.m.c.i.embedder.EclipseLogger - Using 'UTF-8' encoding to copy filtered resources.
2018-08-06 13:09:35,120 [Worker-60] INFO  o.e.m.c.i.embedder.EclipseLogger - Copying 1 resource
2018-08-06 13:09:35,127 [Worker-60] INFO  o.e.m.c.i.embedder.EclipseLogger - Copying 1 resource
2018-08-06 13:09:35,141 [Worker-60] INFO  o.e.m.c.i.embedder.EclipseLogger - Using 'UTF-8' encoding to copy filtered resources.
2018-08-06 13:09:35,151 [Worker-60] INFO  o.e.m.c.i.embedder.EclipseLogger - skip non existing resourceDirectory C:\MyGithub\Online_Repo\S3\workspace\ecsconnection\src\test\resources
2018-08-06 13:19:27,044 [Worker-67] INFO  o.e.m.c.i.l.LifecycleMappingFactory - Using org.eclipse.m2e.jdt.JarLifecycleMapping lifecycle mapping for MavenProject: com.shelly.poc.ecs:ecsconnection:0.0.1-SNAPSHOT @ C:\MyGithub\Online_Repo\S3\workspace\ecsconnection\pom.xml.
2018-08-06 13:19:29,634 [Worker-67] INFO  o.e.m.c.i.embedder.EclipseLogger - Using 'UTF-8' encoding to copy filtered resources.
2018-08-06 13:19:29,639 [Worker-67] INFO  o.e.m.c.i.embedder.EclipseLogger - Copying 0 resource
2018-08-06 13:19:29,639 [Worker-67] INFO  o.e.m.c.i.embedder.EclipseLogger - Copying 0 resource
2018-08-06 13:19:29,644 [Worker-67] INFO  o.e.m.c.i.embedder.EclipseLogger - Using 'UTF-8' encoding to copy filtered resources.
2018-08-06 13:19:29,644 [Worker-67] INFO  o.e.m.c.i.embedder.EclipseLogger - skip non existing resourceDirectory C:\MyGithub\Online_Repo\S3\workspace\ecsconnection\src\test\resources
2018-08-06 13:19:35,196 [Worker-67] INFO  o.e.m.c.i.embedder.EclipseLogger - Using 'UTF-8' encoding to copy filtered resources.
2018-08-06 13:19:35,199 [Worker-67] INFO  o.e.m.c.i.embedder.EclipseLogger - Copying 1 resource
2018-08-06 13:19:35,217 [Worker-67] INFO  o.e.m.c.i.embedder.EclipseLogger - Copying 1 resource
2018-08-06 13:19:35,226 [Worker-67] INFO  o.e.m.c.i.embedder.EclipseLogger - Using 'UTF-8' encoding to copy filtered resources.
2018-08-06 13:19:35,226 [Worker-67] INFO  o.e.m.c.i.embedder.EclipseLogger - skip non existing resourceDirectory C:\MyGithub\Online_Repo\S3\workspace\ecsconnection\src\test\resources
2018-08-06 13:23:06,797 [Worker-67] INFO  o.e.m.c.i.embedder.EclipseLogger - Using 'UTF-8' encoding to copy filtered resources.
2018-08-06 13:23:06,802 [Worker-67] INFO  o.e.m.c.i.embedder.EclipseLogger - Copying 1 resource
2018-08-06 13:23:06,807 [Worker-67] INFO  o.e.m.c.i.embedder.EclipseLogger - Copying 1 resource
2018-08-06 13:23:06,807 [Worker-67] INFO  o.e.m.c.i.embedder.EclipseLogger - Using 'UTF-8' encoding to copy filtered resources.
2018-08-06 13:23:06,807 [Worker-67] INFO  o.e.m.c.i.embedder.EclipseLogger - skip non existing resourceDirectory C:\MyGithub\Online_Repo\S3\workspace\ecsconnection\src\test\resources
2018-08-06 13:23:18,027 [Worker-77] INFO  o.e.m.c.i.l.LifecycleMappingFactory - Using org.eclipse.m2e.jdt.JarLifecycleMapping lifecycle mapping for MavenProject: com.shelly.poc.ecs:ecsconnection:0.0.1-SNAPSHOT @ C:\MyGithub\Online_Repo\S3\workspace\ecsconnection\pom.xml.
2018-08-06 13:23:19,307 [Worker-77] INFO  o.e.m.c.i.embedder.EclipseLogger - Using 'UTF-8' encoding to copy filtered resources.
2018-08-06 13:23:19,307 [Worker-77] INFO  o.e.m.c.i.embedder.EclipseLogger - Copying 0 resource
2018-08-06 13:23:19,307 [Worker-77] INFO  o.e.m.c.i.embedder.EclipseLogger - Copying 0 resource
2018-08-06 13:23:19,307 [Worker-77] INFO  o.e.m.c.i.embedder.EclipseLogger - Using 'UTF-8' encoding to copy filtered resources.
2018-08-06 13:23:19,307 [Worker-77] INFO  o.e.m.c.i.embedder.EclipseLogger - skip non existing resourceDirectory C:\MyGithub\Online_Repo\S3\workspace\ecsconnection\src\test\resources
2018-08-06 13:23:22,492 [Worker-75] INFO  o.e.m.c.i.embedder.EclipseLogger - Using 'UTF-8' encoding to copy filtered resources.
2018-08-06 13:23:22,495 [Worker-75] INFO  o.e.m.c.i.embedder.EclipseLogger - Copying 1 resource
2018-08-06 13:23:22,517 [Worker-75] INFO  o.e.m.c.i.embedder.EclipseLogger - Copying 1 resource
2018-08-06 13:23:22,526 [Worker-75] INFO  o.e.m.c.i.embedder.EclipseLogger - Using 'UTF-8' encoding to copy filtered resources.
2018-08-06 13:23:22,526 [Worker-75] INFO  o.e.m.c.i.embedder.EclipseLogger - skip non existing resourceDirectory C:\MyGithub\Online_Repo\S3\workspace\ecsconnection\src\test\resources
2018-08-06 13:29:46,897 [Worker-83] INFO  o.e.m.c.i.embedder.EclipseLogger - Using 'UTF-8' encoding to copy filtered resources.
2018-08-06 13:29:46,900 [Worker-83] INFO  o.e.m.c.i.embedder.EclipseLogger - Copying 1 resource
2018-08-06 13:29:46,903 [Worker-83] INFO  o.e.m.c.i.embedder.EclipseLogger - Copying 1 resource
2018-08-06 13:29:46,907 [Worker-83] INFO  o.e.m.c.i.embedder.EclipseLogger - Using 'UTF-8' encoding to copy filtered resources.
2018-08-06 13:29:46,907 [Worker-83] INFO  o.e.m.c.i.embedder.EclipseLogger - skip non existing resourceDirectory C:\MyGithub\Online_Repo\S3\workspace\ecsconnection\src\test\resources
2018-08-06 13:30:46,976 [Worker-67] INFO  o.e.m.c.i.embedder.EclipseLogger - Using 'UTF-8' encoding to copy filtered resources.
2018-08-06 13:30:46,980 [Worker-67] INFO  o.e.m.c.i.embedder.EclipseLogger - Copying 1 resource
2018-08-06 13:30:46,985 [Worker-67] INFO  o.e.m.c.i.embedder.EclipseLogger - Copying 1 resource
2018-08-06 13:30:46,988 [Worker-67] INFO  o.e.m.c.i.embedder.EclipseLogger - Using 'UTF-8' encoding to copy filtered resources.
2018-08-06 13:30:46,989 [Worker-67] INFO  o.e.m.c.i.embedder.EclipseLogger - skip non existing resourceDirectory C:\MyGithub\Online_Repo\S3\workspace\ecsconnection\src\test\resources
2018-08-06 13:33:11,497 [Worker-79] INFO  o.e.m.c.i.embedder.EclipseLogger - Using 'UTF-8' encoding to copy filtered resources.
2018-08-06 13:33:11,497 [Worker-79] INFO  o.e.m.c.i.embedder.EclipseLogger - Copying 1 resource
2018-08-06 13:33:11,512 [Worker-79] INFO  o.e.m.c.i.embedder.EclipseLogger - Copying 1 resource
2018-08-06 13:33:11,512 [Worker-79] INFO  o.e.m.c.i.embedder.EclipseLogger - Using 'UTF-8' encoding to copy filtered resources.
2018-08-06 13:33:11,512 [Worker-79] INFO  o.e.m.c.i.embedder.EclipseLogger - skip non existing resourceDirectory C:\MyGithub\Online_Repo\S3\workspace\ecsconnection\src\test\resources
2018-08-06 13:33:42,911 [Worker-80] INFO  o.e.m.c.i.embedder.EclipseLogger - Using 'UTF-8' encoding to copy filtered resources.
2018-08-06 13:33:42,914 [Worker-80] INFO  o.e.m.c.i.embedder.EclipseLogger - Copying 1 resource
2018-08-06 13:33:42,919 [Worker-80] INFO  o.e.m.c.i.embedder.EclipseLogger - Copying 1 resource
2018-08-06 13:33:42,922 [Worker-80] INFO  o.e.m.c.i.embedder.EclipseLogger - Using 'UTF-8' encoding to copy filtered resources.
2018-08-06 13:33:42,923 [Worker-80] INFO  o.e.m.c.i.embedder.EclipseLogger - skip non existing resourceDirectory C:\MyGithub\Online_Repo\S3\workspace\ecsconnection\src\test\resources
2018-08-06 13:43:21,560 [Worker-88] INFO  o.e.m.c.i.embedder.EclipseLogger - Using 'UTF-8' encoding to copy filtered resources.
2018-08-06 13:43:21,563 [Worker-88] INFO  o.e.m.c.i.embedder.EclipseLogger - Copying 1 resource
2018-08-06 13:43:21,570 [Worker-88] INFO  o.e.m.c.i.embedder.EclipseLogger - Copying 1 resource
2018-08-06 13:43:21,575 [Worker-88] INFO  o.e.m.c.i.embedder.EclipseLogger - Using 'UTF-8' encoding to copy filtered resources.
2018-08-06 13:43:21,575 [Worker-88] INFO  o.e.m.c.i.embedder.EclipseLogger - skip non existing resourceDirectory C:\MyGithub\Online_Repo\S3\workspace\ecsconnection\src\test\resources
2018-08-06 14:20:33,114 [Worker-101] INFO  o.e.m.c.i.embedder.EclipseLogger - Using 'UTF-8' encoding to copy filtered resources.
2018-08-06 14:20:33,114 [Worker-101] INFO  o.e.m.c.i.embedder.EclipseLogger - Copying 1 resource
2018-08-06 14:20:33,130 [Worker-101] INFO  o.e.m.c.i.embedder.EclipseLogger - Copying 1 resource
2018-08-06 14:20:33,130 [Worker-101] INFO  o.e.m.c.i.embedder.EclipseLogger - Using 'UTF-8' encoding to copy filtered resources.
2018-08-06 14:20:33,130 [Worker-101] INFO  o.e.m.c.i.embedder.EclipseLogger - skip non existing resourceDirectory C:\MyGithub\Online_Repo\S3\workspace\ecsconnection\src\test\resources
2018-08-06 14:48:08,202 [Worker-111] INFO  o.e.m.c.i.embedder.EclipseLogger - Using 'UTF-8' encoding to copy filtered resources.
2018-08-06 14:48:08,206 [Worker-111] INFO  o.e.m.c.i.embedder.EclipseLogger - Copying 1 resource
2018-08-06 14:48:08,210 [Worker-111] INFO  o.e.m.c.i.embedder.EclipseLogger - Copying 1 resource
2018-08-06 14:48:08,213 [Worker-111] INFO  o.e.m.c.i.embedder.EclipseLogger - Using 'UTF-8' encoding to copy filtered resources.
2018-08-06 14:48:08,215 [Worker-111] INFO  o.e.m.c.i.embedder.EclipseLogger - skip non existing resourceDirectory C:\MyGithub\Online_Repo\S3\workspace\ecsconnection\src\test\resources
2018-08-06 14:48:28,670 [Worker-108] INFO  o.e.m.c.i.embedder.EclipseLogger - Using 'UTF-8' encoding to copy filtered resources.
2018-08-06 14:48:28,670 [Worker-108] INFO  o.e.m.c.i.embedder.EclipseLogger - Copying 1 resource
2018-08-06 14:48:28,670 [Worker-108] INFO  o.e.m.c.i.embedder.EclipseLogger - Copying 1 resource
2018-08-06 14:48:28,671 [Worker-108] INFO  o.e.m.c.i.embedder.EclipseLogger - Using 'UTF-8' encoding to copy filtered resources.
2018-08-06 14:48:28,671 [Worker-108] INFO  o.e.m.c.i.embedder.EclipseLogger - skip non existing resourceDirectory C:\MyGithub\Online_Repo\S3\workspace\ecsconnection\src\test\resources
2018-08-06 14:48:29,701 [Worker-103] INFO  o.e.m.c.i.embedder.EclipseLogger - Using 'UTF-8' encoding to copy filtered resources.
2018-08-06 14:48:29,716 [Worker-103] INFO  o.e.m.c.i.embedder.EclipseLogger - Copying 1 resource
2018-08-06 14:48:29,716 [Worker-103] INFO  o.e.m.c.i.embedder.EclipseLogger - Copying 1 resource
2018-08-06 14:48:29,716 [Worker-103] INFO  o.e.m.c.i.embedder.EclipseLogger - Using 'UTF-8' encoding to copy filtered resources.
2018-08-06 14:48:29,716 [Worker-103] INFO  o.e.m.c.i.embedder.EclipseLogger - skip non existing resourceDirectory C:\MyGithub\Online_Repo\S3\workspace\ecsconnection\src\test\resources
2018-08-06 14:49:20,219 [Worker-108] INFO  o.e.m.c.i.embedder.EclipseLogger - Using 'UTF-8' encoding to copy filtered resources.
2018-08-06 14:49:20,221 [Worker-108] INFO  o.e.m.c.i.embedder.EclipseLogger - Copying 1 resource
2018-08-06 14:49:20,226 [Worker-108] INFO  o.e.m.c.i.embedder.EclipseLogger - Copying 1 resource
2018-08-06 14:49:20,230 [Worker-108] INFO  o.e.m.c.i.embedder.EclipseLogger - Using 'UTF-8' encoding to copy filtered resources.
2018-08-06 14:49:20,230 [Worker-108] INFO  o.e.m.c.i.embedder.EclipseLogger - skip non existing resourceDirectory C:\MyGithub\Online_Repo\S3\workspace\ecsconnection\src\test\resources
2018-08-06 14:50:37,162 [Worker-103] INFO  o.e.m.c.i.embedder.EclipseLogger - Using 'UTF-8' encoding to copy filtered resources.
2018-08-06 14:50:37,162 [Worker-103] INFO  o.e.m.c.i.embedder.EclipseLogger - Copying 1 resource
2018-08-06 14:50:37,162 [Worker-103] INFO  o.e.m.c.i.embedder.EclipseLogger - Copying 1 resource
2018-08-06 14:50:37,162 [Worker-103] INFO  o.e.m.c.i.embedder.EclipseLogger - Using 'UTF-8' encoding to copy filtered resources.
2018-08-06 14:50:37,162 [Worker-103] INFO  o.e.m.c.i.embedder.EclipseLogger - skip non existing resourceDirectory C:\MyGithub\Online_Repo\S3\workspace\ecsconnection\src\test\resources
2018-08-06 14:51:21,665 [Worker-103] INFO  o.e.m.c.i.l.LifecycleMappingFactory - Using org.eclipse.m2e.jdt.JarLifecycleMapping lifecycle mapping for MavenProject: com.shelly.poc.ecs:ecsconnection:0.0.1-SNAPSHOT @ C:\MyGithub\Online_Repo\S3\workspace\ecsconnection\pom.xml.
2018-08-06 14:51:23,732 [Worker-103] INFO  o.e.m.c.i.embedder.EclipseLogger - Using 'UTF-8' encoding to copy filtered resources.
2018-08-06 14:51:23,734 [Worker-103] INFO  o.e.m.c.i.embedder.EclipseLogger - Copying 0 resource
2018-08-06 14:51:23,734 [Worker-103] INFO  o.e.m.c.i.embedder.EclipseLogger - Copying 0 resource
2018-08-06 14:51:23,737 [Worker-103] INFO  o.e.m.c.i.embedder.EclipseLogger - Using 'UTF-8' encoding to copy filtered resources.
2018-08-06 14:51:23,737 [Worker-103] INFO  o.e.m.c.i.embedder.EclipseLogger - skip non existing resourceDirectory C:\MyGithub\Online_Repo\S3\workspace\ecsconnection\src\test\resources
2018-08-06 14:51:44,541 [Worker-112] INFO  o.e.m.c.i.embedder.EclipseLogger - Using 'UTF-8' encoding to copy filtered resources.
2018-08-06 14:51:44,544 [Worker-112] INFO  o.e.m.c.i.embedder.EclipseLogger - Copying 1 resource
2018-08-06 14:51:44,565 [Worker-112] INFO  o.e.m.c.i.embedder.EclipseLogger - Copying 1 resource
2018-08-06 14:51:44,567 [Worker-112] INFO  o.e.m.c.i.embedder.EclipseLogger - Using 'UTF-8' encoding to copy filtered resources.
2018-08-06 14:51:44,567 [Worker-112] INFO  o.e.m.c.i.embedder.EclipseLogger - skip non existing resourceDirectory C:\MyGithub\Online_Repo\S3\workspace\ecsconnection\src\test\resources
2018-08-06 14:52:05,603 [Worker-111] INFO  o.e.m.c.i.embedder.EclipseLogger - Using 'UTF-8' encoding to copy filtered resources.
2018-08-06 14:52:05,603 [Worker-111] INFO  o.e.m.c.i.embedder.EclipseLogger - Copying 1 resource
2018-08-06 14:52:05,603 [Worker-111] INFO  o.e.m.c.i.embedder.EclipseLogger - Copying 1 resource
2018-08-06 14:52:05,603 [Worker-111] INFO  o.e.m.c.i.embedder.EclipseLogger - Using 'UTF-8' encoding to copy filtered resources.
2018-08-06 14:52:05,603 [Worker-111] INFO  o.e.m.c.i.embedder.EclipseLogger - skip non existing resourceDirectory C:\MyGithub\Online_Repo\S3\workspace\ecsconnection\src\test\resources
2018-08-06 14:52:12,247 [Worker-113] INFO  o.e.m.c.i.embedder.EclipseLogger - Using 'UTF-8' encoding to copy filtered resources.
2018-08-06 14:52:12,252 [Worker-113] INFO  o.e.m.c.i.embedder.EclipseLogger - Copying 1 resource
2018-08-06 14:52:12,252 [Worker-113] INFO  o.e.m.c.i.embedder.EclipseLogger - Copying 1 resource
2018-08-06 14:52:12,257 [Worker-113] INFO  o.e.m.c.i.embedder.EclipseLogger - Using 'UTF-8' encoding to copy filtered resources.
2018-08-06 14:52:12,257 [Worker-113] INFO  o.e.m.c.i.embedder.EclipseLogger - skip non existing resourceDirectory C:\MyGithub\Online_Repo\S3\workspace\ecsconnection\src\test\resources
2018-08-06 14:53:15,639 [Worker-113] INFO  o.e.m.c.i.l.LifecycleMappingFactory - Using org.eclipse.m2e.jdt.JarLifecycleMapping lifecycle mapping for MavenProject: com.shelly.poc.ecs:ecsconnection:0.0.1-SNAPSHOT @ C:\MyGithub\Online_Repo\S3\workspace\ecsconnection\pom.xml.
2018-08-06 14:53:16,992 [Worker-113] INFO  o.e.m.c.i.embedder.EclipseLogger - Using 'UTF-8' encoding to copy filtered resources.
2018-08-06 14:53:16,996 [Worker-113] INFO  o.e.m.c.i.embedder.EclipseLogger - Copying 0 resource
2018-08-06 14:53:16,997 [Worker-113] INFO  o.e.m.c.i.embedder.EclipseLogger - Copying 0 resource
2018-08-06 14:53:17,000 [Worker-113] INFO  o.e.m.c.i.embedder.EclipseLogger - Using 'UTF-8' encoding to copy filtered resources.
2018-08-06 14:53:17,000 [Worker-113] INFO  o.e.m.c.i.embedder.EclipseLogger - skip non existing resourceDirectory C:\MyGithub\Online_Repo\S3\workspace\ecsconnection\src\test\resources
2018-08-06 14:53:19,465 [Worker-111] INFO  o.e.m.c.i.embedder.EclipseLogger - Using 'UTF-8' encoding to copy filtered resources.
2018-08-06 14:53:19,470 [Worker-111] INFO  o.e.m.c.i.embedder.EclipseLogger - Copying 1 resource
2018-08-06 14:53:19,508 [Worker-111] INFO  o.e.m.c.i.embedder.EclipseLogger - Copying 1 resource
2018-08-06 14:53:19,543 [Worker-111] INFO  o.e.m.c.i.embedder.EclipseLogger - Using 'UTF-8' encoding to copy filtered resources.
2018-08-06 14:53:19,543 [Worker-111] INFO  o.e.m.c.i.embedder.EclipseLogger - skip non existing resourceDirectory C:\MyGithub\Online_Repo\S3\workspace\ecsconnection\src\test\resources
2018-08-06 14:54:29,810 [Worker-108] INFO  o.e.m.c.i.embedder.EclipseLogger - Using 'UTF-8' encoding to copy filtered resources.
2018-08-06 14:54:29,811 [Worker-108] INFO  o.e.m.c.i.embedder.EclipseLogger - Copying 1 resource
2018-08-06 14:54:29,812 [Worker-108] INFO  o.e.m.c.i.embedder.EclipseLogger - Copying 1 resource
2018-08-06 14:54:29,814 [Worker-108] INFO  o.e.m.c.i.embedder.EclipseLogger - Using 'UTF-8' encoding to copy filtered resources.
2018-08-06 14:54:29,814 [Worker-108] INFO  o.e.m.c.i.embedder.EclipseLogger - skip non existing resourceDirectory C:\MyGithub\Online_Repo\S3\workspace\ecsconnection\src\test\resources
2018-08-06 15:32:27,268 [Worker-114] INFO  o.e.m.c.i.embedder.EclipseLogger - Using 'UTF-8' encoding to copy filtered resources.
2018-08-06 15:32:27,272 [Worker-114] INFO  o.e.m.c.i.embedder.EclipseLogger - Copying 1 resource
2018-08-06 15:32:27,278 [Worker-114] INFO  o.e.m.c.i.embedder.EclipseLogger - Copying 1 resource
2018-08-06 15:32:27,282 [Worker-114] INFO  o.e.m.c.i.embedder.EclipseLogger - Using 'UTF-8' encoding to copy filtered resources.
2018-08-06 15:32:27,282 [Worker-114] INFO  o.e.m.c.i.embedder.EclipseLogger - skip non existing resourceDirectory C:\MyGithub\Online_Repo\S3\workspace\ecsconnection\src\test\resources
2018-08-06 15:32:37,112 [Worker-120] INFO  o.e.m.c.i.embedder.EclipseLogger - Using 'UTF-8' encoding to copy filtered resources.
2018-08-06 15:32:37,115 [Worker-120] INFO  o.e.m.c.i.embedder.EclipseLogger - Copying 1 resource
2018-08-06 15:32:37,119 [Worker-120] INFO  o.e.m.c.i.embedder.EclipseLogger - Copying 1 resource
2018-08-06 15:32:37,123 [Worker-120] INFO  o.e.m.c.i.embedder.EclipseLogger - Using 'UTF-8' encoding to copy filtered resources.
2018-08-06 15:32:37,124 [Worker-120] INFO  o.e.m.c.i.embedder.EclipseLogger - skip non existing resourceDirectory C:\MyGithub\Online_Repo\S3\workspace\ecsconnection\src\test\resources
2018-08-06 15:39:18,557 [Worker-126] INFO  o.e.m.c.i.embedder.EclipseLogger - Using 'UTF-8' encoding to copy filtered resources.
2018-08-06 15:39:18,567 [Worker-126] INFO  o.e.m.c.i.embedder.EclipseLogger - Copying 1 resource
2018-08-06 15:39:18,567 [Worker-126] INFO  o.e.m.c.i.embedder.EclipseLogger - Copying 1 resource
2018-08-06 15:39:18,567 [Worker-126] INFO  o.e.m.c.i.embedder.EclipseLogger - Using 'UTF-8' encoding to copy filtered resources.
2018-08-06 15:39:18,567 [Worker-126] INFO  o.e.m.c.i.embedder.EclipseLogger - skip non existing resourceDirectory C:\MyGithub\Online_Repo\S3\workspace\ecsconnection\src\test\resources
2018-08-06 15:50:23,777 [Worker-127] INFO  o.e.m.c.i.embedder.EclipseLogger - Using 'UTF-8' encoding to copy filtered resources.
2018-08-06 15:50:23,789 [Worker-127] INFO  o.e.m.c.i.embedder.EclipseLogger - Copying 1 resource
2018-08-06 15:50:23,799 [Worker-127] INFO  o.e.m.c.i.embedder.EclipseLogger - Copying 1 resource
2018-08-06 15:50:23,799 [Worker-127] INFO  o.e.m.c.i.embedder.EclipseLogger - Using 'UTF-8' encoding to copy filtered resources.
2018-08-06 15:50:23,799 [Worker-127] INFO  o.e.m.c.i.embedder.EclipseLogger - skip non existing resourceDirectory C:\MyGithub\Online_Repo\S3\workspace\ecsconnection\src\test\resources
2018-08-06 15:53:10,567 [Worker-124] INFO  o.e.m.c.i.embedder.EclipseLogger - Using 'UTF-8' encoding to copy filtered resources.
2018-08-06 15:53:10,567 [Worker-124] INFO  o.e.m.c.i.embedder.EclipseLogger - Copying 1 resource
2018-08-06 15:53:10,567 [Worker-124] INFO  o.e.m.c.i.embedder.EclipseLogger - Copying 1 resource
2018-08-06 15:53:10,567 [Worker-124] INFO  o.e.m.c.i.embedder.EclipseLogger - Using 'UTF-8' encoding to copy filtered resources.
2018-08-06 15:53:10,567 [Worker-124] INFO  o.e.m.c.i.embedder.EclipseLogger - skip non existing resourceDirectory C:\MyGithub\Online_Repo\S3\workspace\ecsconnection\src\test\resources
2018-08-06 16:56:47,952 [Worker-145] INFO  o.e.m.c.i.embedder.EclipseLogger - Using 'UTF-8' encoding to copy filtered resources.
2018-08-06 16:56:47,968 [Worker-145] INFO  o.e.m.c.i.embedder.EclipseLogger - Copying 1 resource
2018-08-06 16:56:47,968 [Worker-145] INFO  o.e.m.c.i.embedder.EclipseLogger - Copying 1 resource
2018-08-06 16:56:47,968 [Worker-145] INFO  o.e.m.c.i.embedder.EclipseLogger - Using 'UTF-8' encoding to copy filtered resources.
2018-08-06 16:56:47,968 [Worker-145] INFO  o.e.m.c.i.embedder.EclipseLogger - skip non existing resourceDirectory C:\MyGithub\Online_Repo\S3\workspace\ecsconnection\src\test\resources
2018-08-06 16:58:09,340 [Worker-133] INFO  o.e.m.c.i.embedder.EclipseLogger - Using 'UTF-8' encoding to copy filtered resources.
2018-08-06 16:58:09,356 [Worker-133] INFO  o.e.m.c.i.embedder.EclipseLogger - Copying 1 resource
2018-08-06 16:58:09,356 [Worker-133] INFO  o.e.m.c.i.embedder.EclipseLogger - Copying 1 resource
2018-08-06 16:58:09,356 [Worker-133] INFO  o.e.m.c.i.embedder.EclipseLogger - Using 'UTF-8' encoding to copy filtered resources.
2018-08-06 16:58:09,356 [Worker-133] INFO  o.e.m.c.i.embedder.EclipseLogger - skip non existing resourceDirectory C:\MyGithub\Online_Repo\S3\workspace\ecsconnection\src\test\resources
2018-08-06 16:58:32,695 [Worker-133] INFO  o.e.m.c.i.embedder.EclipseLogger - Using 'UTF-8' encoding to copy filtered resources.
2018-08-06 16:58:32,695 [Worker-133] INFO  o.e.m.c.i.embedder.EclipseLogger - Copying 1 resource
2018-08-06 16:58:32,741 [Worker-133] INFO  o.e.m.c.i.embedder.EclipseLogger - Copying 1 resource
2018-08-06 16:58:32,742 [Worker-133] INFO  o.e.m.c.i.embedder.EclipseLogger - Using 'UTF-8' encoding to copy filtered resources.
2018-08-06 16:58:32,742 [Worker-133] INFO  o.e.m.c.i.embedder.EclipseLogger - skip non existing resourceDirectory C:\MyGithub\Online_Repo\S3\workspace\ecsconnection\src\test\resources
2018-08-06 17:02:13,880 [Worker-133] INFO  o.e.m.c.i.embedder.EclipseLogger - Using 'UTF-8' encoding to copy filtered resources.
2018-08-06 17:02:13,880 [Worker-133] INFO  o.e.m.c.i.embedder.EclipseLogger - Copying 1 resource
2018-08-06 17:02:13,880 [Worker-133] INFO  o.e.m.c.i.embedder.EclipseLogger - Copying 1 resource
2018-08-06 17:02:13,896 [Worker-133] INFO  o.e.m.c.i.embedder.EclipseLogger - Using 'UTF-8' encoding to copy filtered resources.
2018-08-06 17:02:13,896 [Worker-133] INFO  o.e.m.c.i.embedder.EclipseLogger - skip non existing resourceDirectory C:\MyGithub\Online_Repo\S3\workspace\ecsconnection\src\test\resources
2018-08-06 17:05:28,726 [Worker-153] INFO  o.e.m.c.i.embedder.EclipseLogger - Using 'UTF-8' encoding to copy filtered resources.
2018-08-06 17:05:28,728 [Worker-153] INFO  o.e.m.c.i.embedder.EclipseLogger - Copying 1 resource
2018-08-06 17:05:28,736 [Worker-153] INFO  o.e.m.c.i.embedder.EclipseLogger - Copying 1 resource
2018-08-06 17:05:28,739 [Worker-153] INFO  o.e.m.c.i.embedder.EclipseLogger - Using 'UTF-8' encoding to copy filtered resources.
2018-08-06 17:05:28,739 [Worker-153] INFO  o.e.m.c.i.embedder.EclipseLogger - skip non existing resourceDirectory C:\MyGithub\Online_Repo\S3\workspace\ecsconnection\src\test\resources
2018-08-07 09:00:52,034 [Worker-1] INFO  c.g.t.t.d.PublishedGradleVersions - Gradle version information cache is up-to-date. Trying to read.
2018-08-07 09:00:59,621 [Worker-0] INFO  o.e.m.c.i.l.LifecycleMappingFactory - Using org.eclipse.m2e.jdt.JarLifecycleMapping lifecycle mapping for MavenProject: com.shelly.poc.ecs:ecsconnection:0.0.1-SNAPSHOT @ C:\MyGithub\Online_Repo\S3\workspace\ecsconnection\pom.xml.
2018-08-07 09:01:06,808 [Worker-0] INFO  o.e.m.c.i.embedder.EclipseLogger - Using 'UTF-8' encoding to copy filtered resources.
2018-08-07 09:01:06,824 [Worker-0] INFO  o.e.m.c.i.embedder.EclipseLogger - Copying 1 resource
2018-08-07 09:01:06,871 [Worker-0] INFO  o.e.m.c.i.embedder.EclipseLogger - Copying 1 resource
2018-08-07 09:01:06,937 [Worker-0] INFO  o.e.m.c.i.embedder.EclipseLogger - Using 'UTF-8' encoding to copy filtered resources.
2018-08-07 09:01:06,938 [Worker-0] INFO  o.e.m.c.i.embedder.EclipseLogger - skip non existing resourceDirectory C:\MyGithub\Online_Repo\S3\workspace\ecsconnection\src\test\resources
2018-08-07 09:01:08,876 [Worker-1] INFO  o.e.m.c.i.l.LifecycleMappingFactory - Using org.eclipse.m2e.jdt.JarLifecycleMapping lifecycle mapping for MavenProject: com.shelly.poc.ecs:ecsconnection:0.0.1-SNAPSHOT @ C:\MyGithub\Online_Repo\S3\workspace\ecsconnection\pom.xml.
2018-08-07 09:01:11,365 [Worker-1] INFO  o.e.m.c.i.embedder.EclipseLogger - Using 'UTF-8' encoding to copy filtered resources.
2018-08-07 09:01:11,368 [Worker-1] INFO  o.e.m.c.i.embedder.EclipseLogger - Copying 0 resource
2018-08-07 09:01:11,369 [Worker-1] INFO  o.e.m.c.i.embedder.EclipseLogger - Copying 0 resource
2018-08-07 09:01:11,372 [Worker-1] INFO  o.e.m.c.i.embedder.EclipseLogger - Using 'UTF-8' encoding to copy filtered resources.
2018-08-07 09:01:11,372 [Worker-1] INFO  o.e.m.c.i.embedder.EclipseLogger - skip non existing resourceDirectory C:\MyGithub\Online_Repo\S3\workspace\ecsconnection\src\test\resources
2018-08-07 10:51:23,577 [Worker-46] INFO  o.e.m.c.i.embedder.EclipseLogger - Using 'UTF-8' encoding to copy filtered resources.
2018-08-07 10:51:23,592 [Worker-46] INFO  o.e.m.c.i.embedder.EclipseLogger - Copying 1 resource
2018-08-07 10:51:23,635 [Worker-46] INFO  o.e.m.c.i.embedder.EclipseLogger - Copying 1 resource
2018-08-07 10:51:23,639 [Worker-46] INFO  o.e.m.c.i.embedder.EclipseLogger - Using 'UTF-8' encoding to copy filtered resources.
2018-08-07 10:51:23,640 [Worker-46] INFO  o.e.m.c.i.embedder.EclipseLogger - skip non existing resourceDirectory C:\MyGithub\Online_Repo\S3\workspace\ecsconnection\src\test\resources
2018-08-07 10:59:42,471 [Worker-51] INFO  o.e.m.c.i.embedder.EclipseLogger - Using 'UTF-8' encoding to copy filtered resources.
2018-08-07 10:59:42,474 [Worker-51] INFO  o.e.m.c.i.embedder.EclipseLogger - Copying 1 resource
2018-08-07 10:59:42,479 [Worker-51] INFO  o.e.m.c.i.embedder.EclipseLogger - Copying 1 resource
2018-08-07 10:59:42,482 [Worker-51] INFO  o.e.m.c.i.embedder.EclipseLogger - Using 'UTF-8' encoding to copy filtered resources.
2018-08-07 10:59:42,483 [Worker-51] INFO  o.e.m.c.i.embedder.EclipseLogger - skip non existing resourceDirectory C:\MyGithub\Online_Repo\S3\workspace\ecsconnection\src\test\resources
2018-08-07 12:13:54,102 [Worker-69] INFO  o.e.m.c.i.embedder.EclipseLogger - Using 'UTF-8' encoding to copy filtered resources.
2018-08-07 12:13:54,107 [Worker-69] INFO  o.e.m.c.i.embedder.EclipseLogger - Copying 1 resource
2018-08-07 12:13:54,112 [Worker-69] INFO  o.e.m.c.i.embedder.EclipseLogger - Copying 1 resource
2018-08-07 12:13:54,119 [Worker-69] INFO  o.e.m.c.i.embedder.EclipseLogger - Using 'UTF-8' encoding to copy filtered resources.
2018-08-07 12:13:54,120 [Worker-69] INFO  o.e.m.c.i.embedder.EclipseLogger - skip non existing resourceDirectory C:\MyGithub\Online_Repo\S3\workspace\ecsconnection\src\test\resources
2018-08-07 12:15:01,518 [Worker-66] INFO  o.e.m.c.i.embedder.EclipseLogger - Using 'UTF-8' encoding to copy filtered resources.
2018-08-07 12:15:01,521 [Worker-66] INFO  o.e.m.c.i.embedder.EclipseLogger - Copying 1 resource
2018-08-07 12:15:01,537 [Worker-66] INFO  o.e.m.c.i.embedder.EclipseLogger - Copying 1 resource
2018-08-07 12:15:01,556 [Worker-66] INFO  o.e.m.c.i.embedder.EclipseLogger - Using 'UTF-8' encoding to copy filtered resources.
2018-08-07 12:15:01,556 [Worker-66] INFO  o.e.m.c.i.embedder.EclipseLogger - skip non existing resourceDirectory C:\MyGithub\Online_Repo\S3\workspace\ecsconnection\src\test\resources
2018-08-07 12:36:02,952 [Worker-76] INFO  o.e.m.c.i.embedder.EclipseLogger - Using 'UTF-8' encoding to copy filtered resources.
2018-08-07 12:36:02,953 [Worker-76] INFO  o.e.m.c.i.embedder.EclipseLogger - Copying 0 resource
2018-08-07 12:36:02,954 [Worker-76] INFO  o.e.m.c.i.embedder.EclipseLogger - Copying 0 resource
2018-08-07 12:36:02,960 [Worker-76] INFO  o.e.m.c.i.embedder.EclipseLogger - Using 'UTF-8' encoding to copy filtered resources.
2018-08-07 12:36:02,960 [Worker-76] INFO  o.e.m.c.i.embedder.EclipseLogger - skip non existing resourceDirectory C:\MyGithub\Online_Repo\S3\workspace\ecsconnection\src\test\resources
2018-08-07 13:41:44,404 [Worker-90] INFO  o.e.m.c.i.embedder.EclipseLogger - Using 'UTF-8' encoding to copy filtered resources.
2018-08-07 13:41:44,405 [Worker-90] INFO  o.e.m.c.i.embedder.EclipseLogger - Copying 0 resource
2018-08-07 13:41:44,405 [Worker-90] INFO  o.e.m.c.i.embedder.EclipseLogger - Copying 0 resource
2018-08-07 13:41:44,410 [Worker-90] INFO  o.e.m.c.i.embedder.EclipseLogger - Using 'UTF-8' encoding to copy filtered resources.
2018-08-07 13:41:44,411 [Worker-90] INFO  o.e.m.c.i.embedder.EclipseLogger - skip non existing resourceDirectory C:\MyGithub\Online_Repo\S3\workspace\ecsconnection\src\test\resources
2018-08-07 14:38:06,871 [Worker-103] INFO  o.e.m.c.i.embedder.EclipseLogger - Using 'UTF-8' encoding to copy filtered resources.
2018-08-07 14:38:06,873 [Worker-103] INFO  o.e.m.c.i.embedder.EclipseLogger - Copying 0 resource
2018-08-07 14:38:06,873 [Worker-103] INFO  o.e.m.c.i.embedder.EclipseLogger - Copying 0 resource
2018-08-07 14:38:06,878 [Worker-103] INFO  o.e.m.c.i.embedder.EclipseLogger - Using 'UTF-8' encoding to copy filtered resources.
2018-08-07 14:38:06,879 [Worker-103] INFO  o.e.m.c.i.embedder.EclipseLogger - skip non existing resourceDirectory C:\MyGithub\Online_Repo\S3\workspace\ecsconnection\src\test\resources
2018-08-09 13:59:57,133 [Worker-0] INFO  c.g.t.t.d.PublishedGradleVersions - Gradle version information cache is out-of-date. Trying to update.
2018-08-09 14:00:17,794 [Worker-2] INFO  o.e.m.c.i.embedder.EclipseLogger - Using 'UTF-8' encoding to copy filtered resources.
2018-08-09 14:00:17,803 [Worker-2] INFO  o.e.m.c.i.embedder.EclipseLogger - Copying 1 resource
2018-08-09 14:00:17,826 [Worker-2] INFO  o.e.m.c.i.embedder.EclipseLogger - Copying 1 resource
2018-08-09 14:00:17,831 [Worker-2] INFO  o.e.m.c.i.embedder.EclipseLogger - Using 'UTF-8' encoding to copy filtered resources.
2018-08-09 14:00:17,831 [Worker-2] INFO  o.e.m.c.i.embedder.EclipseLogger - skip non existing resourceDirectory C:\MyGithub\Online_Repo\S3\workspace\ecsconnection\src\test\resources
2018-08-09 14:03:05,607 [Worker-9] INFO  o.e.m.c.i.embedder.EclipseLogger - Using 'UTF-8' encoding to copy filtered resources.
2018-08-09 14:03:05,617 [Worker-9] INFO  o.e.m.c.i.embedder.EclipseLogger - Copying 1 resource
2018-08-09 14:03:05,622 [Worker-9] INFO  o.e.m.c.i.embedder.EclipseLogger - Copying 1 resource
2018-08-09 14:03:05,627 [Worker-9] INFO  o.e.m.c.i.embedder.EclipseLogger - Using 'UTF-8' encoding to copy filtered resources.
2018-08-09 14:03:05,627 [Worker-9] INFO  o.e.m.c.i.embedder.EclipseLogger - skip non existing resourceDirectory C:\MyGithub\Online_Repo\S3\workspace\ecsconnection\src\test\resources
2018-08-09 14:04:02,714 [Worker-16] INFO  o.e.m.c.i.embedder.EclipseLogger - Using 'UTF-8' encoding to copy filtered resources.
2018-08-09 14:04:02,718 [Worker-16] INFO  o.e.m.c.i.embedder.EclipseLogger - Copying 1 resource
2018-08-09 14:04:02,725 [Worker-16] INFO  o.e.m.c.i.embedder.EclipseLogger - Copying 1 resource
2018-08-09 14:04:02,732 [Worker-16] INFO  o.e.m.c.i.embedder.EclipseLogger - Using 'UTF-8' encoding to copy filtered resources.
2018-08-09 14:04:02,733 [Worker-16] INFO  o.e.m.c.i.embedder.EclipseLogger - skip non existing resourceDirectory C:\MyGithub\Online_Repo\S3\workspace\ecsconnection\src\test\resources
2018-08-09 14:04:16,315 [Worker-3] INFO  o.e.m.c.i.embedder.EclipseLogger - Using 'UTF-8' encoding to copy filtered resources.
2018-08-09 14:04:16,318 [Worker-3] INFO  o.e.m.c.i.embedder.EclipseLogger - Copying 1 resource
2018-08-09 14:04:16,324 [Worker-3] INFO  o.e.m.c.i.embedder.EclipseLogger - Copying 1 resource
2018-08-09 14:04:16,330 [Worker-3] INFO  o.e.m.c.i.embedder.EclipseLogger - Using 'UTF-8' encoding to copy filtered resources.
2018-08-09 14:04:16,330 [Worker-3] INFO  o.e.m.c.i.embedder.EclipseLogger - skip non existing resourceDirectory C:\MyGithub\Online_Repo\S3\workspace\ecsconnection\src\test\resources
2018-08-09 14:10:44,929 [Worker-20] INFO  o.e.m.c.i.embedder.EclipseLogger - Using 'UTF-8' encoding to copy filtered resources.
2018-08-09 14:10:44,933 [Worker-20] INFO  o.e.m.c.i.embedder.EclipseLogger - Copying 1 resource
2018-08-09 14:10:44,938 [Worker-20] INFO  o.e.m.c.i.embedder.EclipseLogger - Copying 1 resource
2018-08-09 14:10:44,944 [Worker-20] INFO  o.e.m.c.i.embedder.EclipseLogger - Using 'UTF-8' encoding to copy filtered resources.
2018-08-09 14:10:44,945 [Worker-20] INFO  o.e.m.c.i.embedder.EclipseLogger - skip non existing resourceDirectory C:\MyGithub\Online_Repo\S3\workspace\ecsconnection\src\test\resources
2018-08-09 15:20:06,161 [Worker-36] INFO  o.e.m.c.i.embedder.EclipseLogger - Using 'UTF-8' encoding to copy filtered resources.
2018-08-09 15:20:06,162 [Worker-36] INFO  o.e.m.c.i.embedder.EclipseLogger - Copying 1 resource
2018-08-09 15:20:06,165 [Worker-36] INFO  o.e.m.c.i.embedder.EclipseLogger - Copying 1 resource
2018-08-09 15:20:06,168 [Worker-36] INFO  o.e.m.c.i.embedder.EclipseLogger - Using 'UTF-8' encoding to copy filtered resources.
2018-08-09 15:20:06,168 [Worker-36] INFO  o.e.m.c.i.embedder.EclipseLogger - skip non existing resourceDirectory C:\MyGithub\Online_Repo\S3\workspace\ecsconnection\src\test\resources
2020-03-11 20:11:39,159 [Worker-5: Loading available Gradle versions] INFO  o.e.b.c.i.u.g.PublishedGradleVersions - Gradle version information cache is up-to-date. Trying to read.
2020-03-11 20:12:41,828 [Worker-14: reload maven project] INFO  o.e.m.c.i.e.AbstractTransferListenerAdapter - Downloaded https://repo.maven.apache.org/maven2/org/springframework/boot/spring-boot-starter-parent/2.0.4.RELEASE/spring-boot-starter-parent-2.0.4.RELEASE.pom
2020-03-11 20:12:41,845 [Worker-14: reload maven project] ERROR o.e.m.c.i.p.r.ProjectRegistryManager - Failed to read Maven project: 1 problem was encountered while building the effective model for com.shelly.poc.ecs:ecsconnection:0.0.1-SNAPSHOT
[FATAL] Non-resolvable parent POM for com.shelly.poc.ecs:ecsconnection:0.0.1-SNAPSHOT: Could not transfer artifact org.springframework.boot:spring-boot-starter-parent:pom:2.0.4.RELEASE from/to central (https://repo.maven.apache.org/maven2): repo.maven.apache.org and 'parent.relativePath' points at no local POM @ line 14, column 10
 for project com.shelly.poc.ecs:ecsconnection:0.0.1-SNAPSHOT at C:\MyGitHub\S3\workspace\ecsconnection\pom.xml
org.apache.maven.project.ProjectBuildingException: 1 problem was encountered while building the effective model for com.shelly.poc.ecs:ecsconnection:0.0.1-SNAPSHOT
[FATAL] Non-resolvable parent POM for com.shelly.poc.ecs:ecsconnection:0.0.1-SNAPSHOT: Could not transfer artifact org.springframework.boot:spring-boot-starter-parent:pom:2.0.4.RELEASE from/to central (https://repo.maven.apache.org/maven2): repo.maven.apache.org and 'parent.relativePath' points at no local POM @ line 14, column 10
 for project com.shelly.poc.ecs:ecsconnection:0.0.1-SNAPSHOT at C:\MyGitHub\S3\workspace\ecsconnection\pom.xml
	at org.apache.maven.project.DefaultProjectBuilder.build(DefaultProjectBuilder.java:165) ~[maven-core-3.5.3.jar:3.5.3]
	at org.apache.maven.project.DefaultProjectBuilder.build(DefaultProjectBuilder.java:116) ~[maven-core-3.5.3.jar:3.5.3]
	at org.eclipse.m2e.core.internal.embedder.MavenImpl.readMavenProject(MavenImpl.java:628) ~[org.eclipse.m2e.core_1.11.0.20190220-2119.jar:na]
	at org.eclipse.m2e.core.internal.project.registry.ProjectRegistryManager.lambda$3(ProjectRegistryManager.java:808) ~[org.eclipse.m2e.core_1.11.0.20190220-2119.jar:na]
	at org.eclipse.m2e.core.internal.embedder.MavenExecutionContext.executeBare(MavenExecutionContext.java:177) ~[org.eclipse.m2e.core_1.11.0.20190220-2119.jar:na]
	at org.eclipse.m2e.core.internal.embedder.MavenExecutionContext.execute(MavenExecutionContext.java:151) ~[org.eclipse.m2e.core_1.11.0.20190220-2119.jar:na]
	at org.eclipse.m2e.core.internal.embedder.MavenExecutionContext.execute(MavenExecutionContext.java:99) ~[org.eclipse.m2e.core_1.11.0.20190220-2119.jar:na]
	at org.eclipse.m2e.core.internal.project.registry.ProjectRegistryManager.execute(ProjectRegistryManager.java:958) ~[org.eclipse.m2e.core_1.11.0.20190220-2119.jar:na]
	at org.eclipse.m2e.core.internal.project.registry.ProjectRegistryManager.readProjectWithDependencies(ProjectRegistryManager.java:805) ~[org.eclipse.m2e.core_1.11.0.20190220-2119.jar:na]
	at org.eclipse.m2e.core.internal.project.registry.ProjectRegistryManager.create(ProjectRegistryManager.java:192) ~[org.eclipse.m2e.core_1.11.0.20190220-2119.jar:na]
	at org.eclipse.m2e.core.internal.project.registry.MavenProjectManager.create(MavenProjectManager.java:80) [org.eclipse.m2e.core_1.11.0.20190220-2119.jar:na]
	at org.eclipse.m2e.core.ui.internal.actions.SelectionUtil.getMavenProject(SelectionUtil.java:259) [org.eclipse.m2e.core.ui_1.11.0.20190220-2119.jar:na]
	at org.eclipse.m2e.editor.pom.MavenPomEditor.readMavenProject(MavenPomEditor.java:740) [org.eclipse.m2e.editor_1.11.0.20190220-2119.jar:na]
	at org.eclipse.m2e.editor.pom.MavenPomEditor$5.run(MavenPomEditor.java:1074) [org.eclipse.m2e.editor_1.11.0.20190220-2119.jar:na]
	at org.eclipse.core.internal.jobs.Worker.run(Worker.java:63) [org.eclipse.core.jobs_3.10.300.v20190215-2048.jar:na]
Caused by: org.apache.maven.model.building.ModelBuildingException: 1 problem was encountered while building the effective model for com.shelly.poc.ecs:ecsconnection:0.0.1-SNAPSHOT
[FATAL] Non-resolvable parent POM for com.shelly.poc.ecs:ecsconnection:0.0.1-SNAPSHOT: Could not transfer artifact org.springframework.boot:spring-boot-starter-parent:pom:2.0.4.RELEASE from/to central (https://repo.maven.apache.org/maven2): repo.maven.apache.org and 'parent.relativePath' points at no local POM @ line 14, column 10

	at org.apache.maven.model.building.DefaultModelProblemCollector.newModelBuildingException(DefaultModelProblemCollector.java:197) ~[maven-model-builder-3.5.3.jar:3.5.3]
	at org.apache.maven.model.building.DefaultModelBuilder.readParentExternally(DefaultModelBuilder.java:1082) ~[maven-model-builder-3.5.3.jar:3.5.3]
	at org.apache.maven.model.building.DefaultModelBuilder.readParent(DefaultModelBuilder.java:830) ~[maven-model-builder-3.5.3.jar:3.5.3]
	at org.apache.maven.model.building.DefaultModelBuilder.build(DefaultModelBuilder.java:332) ~[maven-model-builder-3.5.3.jar:3.5.3]
	at org.apache.maven.project.DefaultProjectBuilder.build(DefaultProjectBuilder.java:158) ~[maven-core-3.5.3.jar:3.5.3]
	... 14 common frames omitted
2020-03-11 20:13:19,703 [Worker-1: Loading available Gradle versions] INFO  o.e.b.c.i.u.g.PublishedGradleVersions - Gradle version information cache is up-to-date. Trying to read.
2020-03-11 20:13:20,255 [Worker-6: reload maven project] ERROR o.e.m.c.i.p.r.ProjectRegistryManager - Failed to read Maven project: 1 problem was encountered while building the effective model for com.shelly.poc.ecs:ecsconnection:0.0.1-SNAPSHOT
[FATAL] Non-resolvable parent POM for com.shelly.poc.ecs:ecsconnection:0.0.1-SNAPSHOT: Failure to transfer org.springframework.boot:spring-boot-starter-parent:pom:2.0.4.RELEASE from https://repo.maven.apache.org/maven2 was cached in the local repository, resolution will not be reattempted until the update interval of central has elapsed or updates are forced. Original error: Could not transfer artifact org.springframework.boot:spring-boot-starter-parent:pom:2.0.4.RELEASE from/to central (https://repo.maven.apache.org/maven2): repo.maven.apache.org and 'parent.relativePath' points at no local POM @ line 14, column 10
 for project com.shelly.poc.ecs:ecsconnection:0.0.1-SNAPSHOT at C:\MyGitHub\S3\workspace\ecsconnection\pom.xml
org.apache.maven.project.ProjectBuildingException: 1 problem was encountered while building the effective model for com.shelly.poc.ecs:ecsconnection:0.0.1-SNAPSHOT
[FATAL] Non-resolvable parent POM for com.shelly.poc.ecs:ecsconnection:0.0.1-SNAPSHOT: Failure to transfer org.springframework.boot:spring-boot-starter-parent:pom:2.0.4.RELEASE from https://repo.maven.apache.org/maven2 was cached in the local repository, resolution will not be reattempted until the update interval of central has elapsed or updates are forced. Original error: Could not transfer artifact org.springframework.boot:spring-boot-starter-parent:pom:2.0.4.RELEASE from/to central (https://repo.maven.apache.org/maven2): repo.maven.apache.org and 'parent.relativePath' points at no local POM @ line 14, column 10
 for project com.shelly.poc.ecs:ecsconnection:0.0.1-SNAPSHOT at C:\MyGitHub\S3\workspace\ecsconnection\pom.xml
	at org.apache.maven.project.DefaultProjectBuilder.build(DefaultProjectBuilder.java:165) ~[maven-core-3.5.3.jar:3.5.3]
	at org.apache.maven.project.DefaultProjectBuilder.build(DefaultProjectBuilder.java:116) ~[maven-core-3.5.3.jar:3.5.3]
	at org.eclipse.m2e.core.internal.embedder.MavenImpl.readMavenProject(MavenImpl.java:628) ~[org.eclipse.m2e.core_1.11.0.20190220-2119.jar:na]
	at org.eclipse.m2e.core.internal.project.registry.ProjectRegistryManager.lambda$3(ProjectRegistryManager.java:808) ~[org.eclipse.m2e.core_1.11.0.20190220-2119.jar:na]
	at org.eclipse.m2e.core.internal.embedder.MavenExecutionContext.executeBare(MavenExecutionContext.java:177) ~[org.eclipse.m2e.core_1.11.0.20190220-2119.jar:na]
	at org.eclipse.m2e.core.internal.embedder.MavenExecutionContext.execute(MavenExecutionContext.java:151) ~[org.eclipse.m2e.core_1.11.0.20190220-2119.jar:na]
	at org.eclipse.m2e.core.internal.embedder.MavenExecutionContext.execute(MavenExecutionContext.java:99) ~[org.eclipse.m2e.core_1.11.0.20190220-2119.jar:na]
	at org.eclipse.m2e.core.internal.project.registry.ProjectRegistryManager.execute(ProjectRegistryManager.java:958) ~[org.eclipse.m2e.core_1.11.0.20190220-2119.jar:na]
	at org.eclipse.m2e.core.internal.project.registry.ProjectRegistryManager.readProjectWithDependencies(ProjectRegistryManager.java:805) ~[org.eclipse.m2e.core_1.11.0.20190220-2119.jar:na]
	at org.eclipse.m2e.core.internal.project.registry.ProjectRegistryManager.create(ProjectRegistryManager.java:192) ~[org.eclipse.m2e.core_1.11.0.20190220-2119.jar:na]
	at org.eclipse.m2e.core.internal.project.registry.MavenProjectManager.create(MavenProjectManager.java:80) [org.eclipse.m2e.core_1.11.0.20190220-2119.jar:na]
	at org.eclipse.m2e.core.ui.internal.actions.SelectionUtil.getMavenProject(SelectionUtil.java:259) [org.eclipse.m2e.core.ui_1.11.0.20190220-2119.jar:na]
	at org.eclipse.m2e.editor.pom.MavenPomEditor.readMavenProject(MavenPomEditor.java:740) [org.eclipse.m2e.editor_1.11.0.20190220-2119.jar:na]
	at org.eclipse.m2e.editor.pom.MavenPomEditor$5.run(MavenPomEditor.java:1074) [org.eclipse.m2e.editor_1.11.0.20190220-2119.jar:na]
	at org.eclipse.core.internal.jobs.Worker.run(Worker.java:63) [org.eclipse.core.jobs_3.10.300.v20190215-2048.jar:na]
Caused by: org.apache.maven.model.building.ModelBuildingException: 1 problem was encountered while building the effective model for com.shelly.poc.ecs:ecsconnection:0.0.1-SNAPSHOT
[FATAL] Non-resolvable parent POM for com.shelly.poc.ecs:ecsconnection:0.0.1-SNAPSHOT: Failure to transfer org.springframework.boot:spring-boot-starter-parent:pom:2.0.4.RELEASE from https://repo.maven.apache.org/maven2 was cached in the local repository, resolution will not be reattempted until the update interval of central has elapsed or updates are forced. Original error: Could not transfer artifact org.springframework.boot:spring-boot-starter-parent:pom:2.0.4.RELEASE from/to central (https://repo.maven.apache.org/maven2): repo.maven.apache.org and 'parent.relativePath' points at no local POM @ line 14, column 10

	at org.apache.maven.model.building.DefaultModelProblemCollector.newModelBuildingException(DefaultModelProblemCollector.java:197) ~[maven-model-builder-3.5.3.jar:3.5.3]
	at org.apache.maven.model.building.DefaultModelBuilder.readParentExternally(DefaultModelBuilder.java:1082) ~[maven-model-builder-3.5.3.jar:3.5.3]
	at org.apache.maven.model.building.DefaultModelBuilder.readParent(DefaultModelBuilder.java:830) ~[maven-model-builder-3.5.3.jar:3.5.3]
	at org.apache.maven.model.building.DefaultModelBuilder.build(DefaultModelBuilder.java:332) ~[maven-model-builder-3.5.3.jar:3.5.3]
	at org.apache.maven.project.DefaultProjectBuilder.build(DefaultProjectBuilder.java:158) ~[maven-core-3.5.3.jar:3.5.3]
	... 14 common frames omitted
2020-03-11 20:13:22,569 [Worker-0: Loading Effective POM...] ERROR o.e.m.c.i.p.r.ProjectRegistryManager - Failed to read Maven project: 1 problem was encountered while building the effective model for com.shelly.poc.ecs:ecsconnection:0.0.1-SNAPSHOT
[FATAL] Non-resolvable parent POM for com.shelly.poc.ecs:ecsconnection:0.0.1-SNAPSHOT: Failure to transfer org.springframework.boot:spring-boot-starter-parent:pom:2.0.4.RELEASE from https://repo.maven.apache.org/maven2 was cached in the local repository, resolution will not be reattempted until the update interval of central has elapsed or updates are forced. Original error: Could not transfer artifact org.springframework.boot:spring-boot-starter-parent:pom:2.0.4.RELEASE from/to central (https://repo.maven.apache.org/maven2): repo.maven.apache.org and 'parent.relativePath' points at no local POM @ line 14, column 10
 for project com.shelly.poc.ecs:ecsconnection:0.0.1-SNAPSHOT at C:\MyGitHub\S3\workspace\ecsconnection\pom.xml
org.apache.maven.project.ProjectBuildingException: 1 problem was encountered while building the effective model for com.shelly.poc.ecs:ecsconnection:0.0.1-SNAPSHOT
[FATAL] Non-resolvable parent POM for com.shelly.poc.ecs:ecsconnection:0.0.1-SNAPSHOT: Failure to transfer org.springframework.boot:spring-boot-starter-parent:pom:2.0.4.RELEASE from https://repo.maven.apache.org/maven2 was cached in the local repository, resolution will not be reattempted until the update interval of central has elapsed or updates are forced. Original error: Could not transfer artifact org.springframework.boot:spring-boot-starter-parent:pom:2.0.4.RELEASE from/to central (https://repo.maven.apache.org/maven2): repo.maven.apache.org and 'parent.relativePath' points at no local POM @ line 14, column 10
 for project com.shelly.poc.ecs:ecsconnection:0.0.1-SNAPSHOT at C:\MyGitHub\S3\workspace\ecsconnection\pom.xml
	at org.apache.maven.project.DefaultProjectBuilder.build(DefaultProjectBuilder.java:165) ~[maven-core-3.5.3.jar:3.5.3]
	at org.apache.maven.project.DefaultProjectBuilder.build(DefaultProjectBuilder.java:116) ~[maven-core-3.5.3.jar:3.5.3]
	at org.eclipse.m2e.core.internal.embedder.MavenImpl.readMavenProject(MavenImpl.java:628) ~[org.eclipse.m2e.core_1.11.0.20190220-2119.jar:na]
	at org.eclipse.m2e.core.internal.project.registry.ProjectRegistryManager.lambda$3(ProjectRegistryManager.java:808) ~[org.eclipse.m2e.core_1.11.0.20190220-2119.jar:na]
	at org.eclipse.m2e.core.internal.embedder.MavenExecutionContext.executeBare(MavenExecutionContext.java:177) ~[org.eclipse.m2e.core_1.11.0.20190220-2119.jar:na]
	at org.eclipse.m2e.core.internal.embedder.MavenExecutionContext.execute(MavenExecutionContext.java:151) ~[org.eclipse.m2e.core_1.11.0.20190220-2119.jar:na]
	at org.eclipse.m2e.core.internal.embedder.MavenExecutionContext.execute(MavenExecutionContext.java:99) ~[org.eclipse.m2e.core_1.11.0.20190220-2119.jar:na]
	at org.eclipse.m2e.core.internal.project.registry.ProjectRegistryManager.execute(ProjectRegistryManager.java:958) ~[org.eclipse.m2e.core_1.11.0.20190220-2119.jar:na]
	at org.eclipse.m2e.core.internal.project.registry.ProjectRegistryManager.readProjectWithDependencies(ProjectRegistryManager.java:805) ~[org.eclipse.m2e.core_1.11.0.20190220-2119.jar:na]
	at org.eclipse.m2e.core.internal.project.registry.ProjectRegistryManager.create(ProjectRegistryManager.java:192) ~[org.eclipse.m2e.core_1.11.0.20190220-2119.jar:na]
	at org.eclipse.m2e.core.internal.project.registry.MavenProjectManager.create(MavenProjectManager.java:80) [org.eclipse.m2e.core_1.11.0.20190220-2119.jar:na]
	at org.eclipse.m2e.core.ui.internal.actions.SelectionUtil.getMavenProject(SelectionUtil.java:259) [org.eclipse.m2e.core.ui_1.11.0.20190220-2119.jar:na]
	at org.eclipse.m2e.editor.pom.MavenPomEditor$LoadEffectivePomJob.run(MavenPomEditor.java:475) [org.eclipse.m2e.editor_1.11.0.20190220-2119.jar:na]
	at org.eclipse.core.internal.jobs.Worker.run(Worker.java:63) [org.eclipse.core.jobs_3.10.300.v20190215-2048.jar:na]
Caused by: org.apache.maven.model.building.ModelBuildingException: 1 problem was encountered while building the effective model for com.shelly.poc.ecs:ecsconnection:0.0.1-SNAPSHOT
[FATAL] Non-resolvable parent POM for com.shelly.poc.ecs:ecsconnection:0.0.1-SNAPSHOT: Failure to transfer org.springframework.boot:spring-boot-starter-parent:pom:2.0.4.RELEASE from https://repo.maven.apache.org/maven2 was cached in the local repository, resolution will not be reattempted until the update interval of central has elapsed or updates are forced. Original error: Could not transfer artifact org.springframework.boot:spring-boot-starter-parent:pom:2.0.4.RELEASE from/to central (https://repo.maven.apache.org/maven2): repo.maven.apache.org and 'parent.relativePath' points at no local POM @ line 14, column 10

	at org.apache.maven.model.building.DefaultModelProblemCollector.newModelBuildingException(DefaultModelProblemCollector.java:197) ~[maven-model-builder-3.5.3.jar:3.5.3]
	at org.apache.maven.model.building.DefaultModelBuilder.readParentExternally(DefaultModelBuilder.java:1082) ~[maven-model-builder-3.5.3.jar:3.5.3]
	at org.apache.maven.model.building.DefaultModelBuilder.readParent(DefaultModelBuilder.java:830) ~[maven-model-builder-3.5.3.jar:3.5.3]
	at org.apache.maven.model.building.DefaultModelBuilder.build(DefaultModelBuilder.java:332) ~[maven-model-builder-3.5.3.jar:3.5.3]
	at org.apache.maven.project.DefaultProjectBuilder.build(DefaultProjectBuilder.java:158) ~[maven-core-3.5.3.jar:3.5.3]
	... 13 common frames omitted
